Using pre-set license
Built from '2021.3/release' branch; Version is '2021.3.17f1 (3e8111cac19d) revision 4096273'; Using compiler version '192829333'; Build Type 'Release'
OS: 'Windows 10  (10.0.19045) 64bit Professional' Language: 'en' Physical Memory: 7116 MB
BatchMode: 1, IsHumanControllingUs: 0, StartBugReporterOnCrash: 0, Is64bit: 1, IsPro: 1

COMMAND LINE ARGUMENTS:
C:\Program Files\Unity 2021.3.17f1\Editor\Unity.exe
-adb2
-batchMode
-noUpm
-name
AssetImportWorker1
-projectPath
E:/Ngoding/Game Unity/Realm defense
-logFile
Logs/AssetImportWorker1.log
-srvPort
64065
Successfully changed project path to: E:/Ngoding/Game Unity/Realm defense
E:/Ngoding/Game Unity/Realm defense
[UnityMemory] Configuration Parameters - Can be set up in boot.config
    "memorysetup-bucket-allocator-granularity=16"
    "memorysetup-bucket-allocator-bucket-count=8"
    "memorysetup-bucket-allocator-block-size=33554432"
    "memorysetup-bucket-allocator-block-count=8"
    "memorysetup-main-allocator-block-size=16777216"
    "memorysetup-thread-allocator-block-size=16777216"
    "memorysetup-gfx-main-allocator-block-size=16777216"
    "memorysetup-gfx-thread-allocator-block-size=16777216"
    "memorysetup-cache-allocator-block-size=4194304"
    "memorysetup-typetree-allocator-block-size=2097152"
    "memorysetup-profiler-bucket-allocator-granularity=16"
    "memorysetup-profiler-bucket-allocator-bucket-count=8"
    "memorysetup-profiler-bucket-allocator-block-size=33554432"
    "memorysetup-profiler-bucket-allocator-block-count=8"
    "memorysetup-profiler-allocator-block-size=16777216"
    "memorysetup-profiler-editor-allocator-block-size=1048576"
    "memorysetup-temp-allocator-size-main=16777216"
    "memorysetup-job-temp-allocator-block-size=2097152"
    "memorysetup-job-temp-allocator-block-size-background=1048576"
    "memorysetup-job-temp-allocator-reduction-small-platforms=262144"
    "memorysetup-temp-allocator-size-background-worker=32768"
    "memorysetup-temp-allocator-size-job-worker=262144"
    "memorysetup-temp-allocator-size-preload-manager=33554432"
    "memorysetup-temp-allocator-size-nav-mesh-worker=65536"
    "memorysetup-temp-allocator-size-audio-worker=65536"
    "memorysetup-temp-allocator-size-cloud-worker=32768"
    "memorysetup-temp-allocator-size-gi-baking-worker=262144"
    "memorysetup-temp-allocator-size-gfx=262144"
Player connection [17284] Host "[IP] 192.168.56.1 [Port] 0 [Flags] 2 [Guid] 1720248630 [EditorId] 1720248630 [Version] 1048832 [Id] WindowsEditor(7,DESKTOP-U1T5UQB) [Debug] 1 [PackageName] WindowsEditor [ProjectName] Editor" joined multi-casting on [225.0.0.222:54997]...

Player connection [17284] Host "[IP] 192.168.56.1 [Port] 0 [Flags] 2 [Guid] 1720248630 [EditorId] 1720248630 [Version] 1048832 [Id] WindowsEditor(7,DESKTOP-U1T5UQB) [Debug] 1 [PackageName] WindowsEditor [ProjectName] Editor" joined alternative multi-casting on [225.0.0.222:34997]...

Refreshing native plugins compatible for Editor in 614.13 ms, found 3 plugins.
Preloading 0 native plugins for Editor in 0.00 ms.
Initialize engine version: 2021.3.17f1 (3e8111cac19d)
[Subsystems] Discovering subsystems at path C:/Program Files/Unity 2021.3.17f1/Editor/Data/Resources/UnitySubsystems
[Subsystems] Discovering subsystems at path E:/Ngoding/Game Unity/Realm defense/Assets
GfxDevice: creating device client; threaded=0; jobified=0
Direct3D:
    Version:  Direct3D 11.0 [level 11.1]
    Renderer: Radeon RX 560 Series (ID=0x67ff)
    Vendor:   ATI
    VRAM:     4074 MB
    Driver:   31.0.12027.9001
Initialize mono
Mono path[0] = 'C:/Program Files/Unity 2021.3.17f1/Editor/Data/Managed'
Mono path[1] = 'C:/Program Files/Unity 2021.3.17f1/Editor/Data/MonoBleedingEdge/lib/mono/unityjit-win32'
Mono config path = 'C:/Program Files/Unity 2021.3.17f1/Editor/Data/MonoBleedingEdge/etc'
Using monoOptions --debugger-agent=transport=dt_socket,embedding=1,server=y,suspend=n,address=127.0.0.1:56228
Begin MonoManager ReloadAssembly
Registering precompiled unity dll's ...
Register platform support module: C:/Program Files/Unity 2021.3.17f1/Editor/Data/PlaybackEngines/WindowsStandaloneSupport/UnityEditor.WindowsStandalone.Extensions.dll
Registered in 0.030684 seconds.
Native extension for WindowsStandalone target not found
Refreshing native plugins compatible for Editor in 247.09 ms, found 3 plugins.
Preloading 0 native plugins for Editor in 0.00 ms.
Mono: successfully reloaded assembly
- Completed reload, in  3.150 seconds
Domain Reload Profiling:
	ReloadAssembly (3151ms)
		BeginReloadAssembly (746ms)
			ExecutionOrderSort (0ms)
			DisableScriptedObjects (0ms)
			BackupInstance (0ms)
			ReleaseScriptingObjects (0ms)
			CreateAndSetChildDomain (2ms)
		EndReloadAssembly (1930ms)
			LoadAssemblies (729ms)
			RebuildTransferFunctionScriptingTraits (0ms)
			SetupTypeCache (533ms)
			ReleaseScriptCaches (0ms)
			RebuildScriptCaches (135ms)
			SetupLoadedEditorAssemblies (1014ms)
				LogAssemblyErrors (0ms)
				InitializePlatformSupportModulesInManaged (31ms)
				SetLoadedEditorAssemblies (1ms)
				RefreshPlugins (247ms)
				BeforeProcessingInitializeOnLoad (2ms)
				ProcessInitializeOnLoadAttributes (525ms)
				ProcessInitializeOnLoadMethodAttributes (208ms)
				AfterProcessingInitializeOnLoad (0ms)
				EditorAssembliesLoaded (0ms)
			ExecutionOrderSort2 (0ms)
			AwakeInstancesAfterBackupRestoration (0ms)
Platform modules already initialized, skipping
Registering precompiled user dll's ...
Registered in 0.016077 seconds.
Begin MonoManager ReloadAssembly
Symbol file LoadedFromMemory doesn't match image E:\Ngoding\Game Unity\Realm defense\Library\PackageCache\com.unity.visualscripting@1.8.0\Editor\VisualScripting.Core\Dependencies\YamlDotNet\Unity.VisualScripting.YamlDotNet.dll
Symbol file LoadedFromMemory doesn't match image E:\Ngoding\Game Unity\Realm defense\Library\PackageCache\com.unity.visualscripting@1.8.0\Editor\VisualScripting.Core\Dependencies\DotNetZip\Unity.VisualScripting.IonicZip.dll
Native extension for WindowsStandalone target not found
Refreshing native plugins compatible for Editor in 1.28 ms, found 3 plugins.
Preloading 0 native plugins for Editor in 0.00 ms.
Mono: successfully reloaded assembly
- Completed reload, in  4.168 seconds
Domain Reload Profiling:
	ReloadAssembly (4172ms)
		BeginReloadAssembly (424ms)
			ExecutionOrderSort (0ms)
			DisableScriptedObjects (27ms)
			BackupInstance (0ms)
			ReleaseScriptingObjects (0ms)
			CreateAndSetChildDomain (62ms)
		EndReloadAssembly (3374ms)
			LoadAssemblies (339ms)
			RebuildTransferFunctionScriptingTraits (0ms)
			SetupTypeCache (1234ms)
			ReleaseScriptCaches (2ms)
			RebuildScriptCaches (215ms)
			SetupLoadedEditorAssemblies (1442ms)
				LogAssemblyErrors (0ms)
				InitializePlatformSupportModulesInManaged (18ms)
				SetLoadedEditorAssemblies (2ms)
				RefreshPlugins (1ms)
				BeforeProcessingInitializeOnLoad (287ms)
				ProcessInitializeOnLoadAttributes (999ms)
				ProcessInitializeOnLoadMethodAttributes (103ms)
				AfterProcessingInitializeOnLoad (31ms)
				EditorAssembliesLoaded (0ms)
			ExecutionOrderSort2 (0ms)
			AwakeInstancesAfterBackupRestoration (28ms)
Platform modules already initialized, skipping
========================================================================
Worker process is ready to serve import requests
Launched and connected shader compiler UnityShaderCompiler.exe after 0.17 seconds
Refreshing native plugins compatible for Editor in 1.23 ms, found 3 plugins.
Preloading 0 native plugins for Editor in 0.00 ms.
Unloading 3398 Unused Serialized files (Serialized files now loaded: 0)
Unloading 27 unused Assets / (113.6 KB). Loaded Objects now: 3855.
Memory consumption went from 118.3 MB to 118.1 MB.
Total: 6.202800 ms (FindLiveObjects: 0.428300 ms CreateObjectMapping: 0.297300 ms MarkObjects: 5.246600 ms  DeleteObjects: 0.227700 ms)

AssetImportParameters requested are different than current active one (requested -> active):
  custom:video-decoder-ogg-theora: a1e56fd34408186e4bbccfd4996cb3dc -> 
  custom:container-muxer-webm: aa71ff27fc2769a1b78a27578f13a17b -> 
  custom:container-demuxer-webm: 4f35f7cbe854078d1ac9338744f61a02 -> 
  custom:video-encoder-webm-vp8: eb34c28f22e8b96e1ab97ce403110664 -> 
  custom:audio-encoder-webm-vorbis: bf7c407c2cedff20999df2af8eb42d56 -> 
  custom:framework-win-MediaFoundation: 216162199b28c13a410421893ffa2e32 -> 
  custom:container-demuxer-ogg: 62fdf1f143b41e24485cea50d1cbac27 -> 
  custom:video-decoder-webm-vp8: 9c59270c3fd7afecdb556c50c9e8de78 -> 
  custom:audio-decoder-ogg-vorbis: bf7c407c2cedff20999df2af8eb42d56 -> 
========================================================================
Received Import Request.
  Time since last request: 1468248.841997 seconds.
  path: Assets/Script/Waypoint.cs
  artifactKey: Guid(fabc73b03a85c7a43b3ddd259429f45e) Importer(815301076,1909f56bfc062723c751e8b465ee728b)
Start importing Assets/Script/Waypoint.cs using Guid(fabc73b03a85c7a43b3ddd259429f45e) Importer(815301076,1909f56bfc062723c751e8b465ee728b)  -> (artifact id: 'f516ff5caf1acf4d03910975459115ca') in 0.074858 seconds 
========================================================================
Received Prepare
Registering precompiled user dll's ...
Registered in 0.017873 seconds.
Begin MonoManager ReloadAssembly
Symbol file LoadedFromMemory doesn't match image E:\Ngoding\Game Unity\Realm defense\Library\PackageCache\com.unity.visualscripting@1.8.0\Editor\VisualScripting.Core\Dependencies\YamlDotNet\Unity.VisualScripting.YamlDotNet.dll
Symbol file LoadedFromMemory doesn't match image E:\Ngoding\Game Unity\Realm defense\Library\PackageCache\com.unity.visualscripting@1.8.0\Editor\VisualScripting.Core\Dependencies\DotNetZip\Unity.VisualScripting.IonicZip.dll
Native extension for WindowsStandalone target not found
Refreshing native plugins compatible for Editor in 1.68 ms, found 3 plugins.
Preloading 0 native plugins for Editor in 0.00 ms.
Mono: successfully reloaded assembly
- Completed reload, in  3.932 seconds
Domain Reload Profiling:
	ReloadAssembly (3934ms)
		BeginReloadAssembly (436ms)
			ExecutionOrderSort (0ms)
			DisableScriptedObjects (32ms)
			BackupInstance (0ms)
			ReleaseScriptingObjects (0ms)
			CreateAndSetChildDomain (127ms)
		EndReloadAssembly (3250ms)
			LoadAssemblies (280ms)
			RebuildTransferFunctionScriptingTraits (0ms)
			SetupTypeCache (1261ms)
			ReleaseScriptCaches (3ms)
			RebuildScriptCaches (123ms)
			SetupLoadedEditorAssemblies (1311ms)
				LogAssemblyErrors (0ms)
				InitializePlatformSupportModulesInManaged (35ms)
				SetLoadedEditorAssemblies (1ms)
				RefreshPlugins (2ms)
				BeforeProcessingInitializeOnLoad (167ms)
				ProcessInitializeOnLoadAttributes (1017ms)
				ProcessInitializeOnLoadMethodAttributes (67ms)
				AfterProcessingInitializeOnLoad (22ms)
				EditorAssembliesLoaded (0ms)
			ExecutionOrderSort2 (0ms)
			AwakeInstancesAfterBackupRestoration (14ms)
Platform modules already initialized, skipping
Refreshing native plugins compatible for Editor in 8.89 ms, found 3 plugins.
Preloading 0 native plugins for Editor in 0.00 ms.
Unloading 3380 Unused Serialized files (Serialized files now loaded: 0)
Unloading 20 unused Assets / (80.1 KB). Loaded Objects now: 3858.
Memory consumption went from 116.9 MB to 116.8 MB.
Total: 7.480900 ms (FindLiveObjects: 0.428500 ms CreateObjectMapping: 0.390700 ms MarkObjects: 6.484300 ms  DeleteObjects: 0.174900 ms)

AssetImportParameters requested are different than current active one (requested -> active):
  custom:video-decoder-ogg-theora: a1e56fd34408186e4bbccfd4996cb3dc -> 
  custom:container-muxer-webm: aa71ff27fc2769a1b78a27578f13a17b -> 
  custom:container-demuxer-webm: 4f35f7cbe854078d1ac9338744f61a02 -> 
  custom:video-encoder-webm-vp8: eb34c28f22e8b96e1ab97ce403110664 -> 
  custom:audio-encoder-webm-vorbis: bf7c407c2cedff20999df2af8eb42d56 -> 
  custom:framework-win-MediaFoundation: 216162199b28c13a410421893ffa2e32 -> 
  custom:container-demuxer-ogg: 62fdf1f143b41e24485cea50d1cbac27 -> 
  custom:video-decoder-webm-vp8: 9c59270c3fd7afecdb556c50c9e8de78 -> 
  custom:audio-decoder-ogg-vorbis: bf7c407c2cedff20999df2af8eb42d56 -> 
========================================================================
Received Import Request.
  Time since last request: 240.008111 seconds.
  path: Assets/Script/EnemyMovement.cs
  artifactKey: Guid(1c9fef3550d543e43af23db46996931e) Importer(815301076,1909f56bfc062723c751e8b465ee728b)
Start importing Assets/Script/EnemyMovement.cs using Guid(1c9fef3550d543e43af23db46996931e) Importer(815301076,1909f56bfc062723c751e8b465ee728b)  -> (artifact id: '00000000000000000000000000000000') in 0.002711 seconds  code(4) message(Build asset version error: assets/script/enemymovement.cs in SourceAssetDB has modification time of '2023-10-02T12:55:59.235649Z' while content on disk has modification time of '2023-10-02T12:57:12.6943447Z')
  ERROR: Build asset version error: assets/script/enemymovement.cs in SourceAssetDB has modification time of '2023-10-02T12:55:59.235649Z' while content on disk has modification time of '2023-10-02T12:57:12.6943447Z'
========================================================================
Received Prepare
Registering precompiled user dll's ...
Registered in 0.009952 seconds.
Begin MonoManager ReloadAssembly
Symbol file LoadedFromMemory doesn't match image E:\Ngoding\Game Unity\Realm defense\Library\PackageCache\com.unity.visualscripting@1.8.0\Editor\VisualScripting.Core\Dependencies\YamlDotNet\Unity.VisualScripting.YamlDotNet.dll
Symbol file LoadedFromMemory doesn't match image E:\Ngoding\Game Unity\Realm defense\Library\PackageCache\com.unity.visualscripting@1.8.0\Editor\VisualScripting.Core\Dependencies\DotNetZip\Unity.VisualScripting.IonicZip.dll
Native extension for WindowsStandalone target not found
Refreshing native plugins compatible for Editor in 1.27 ms, found 3 plugins.
Preloading 0 native plugins for Editor in 0.00 ms.
Mono: successfully reloaded assembly
- Completed reload, in  2.804 seconds
Domain Reload Profiling:
	ReloadAssembly (2806ms)
		BeginReloadAssembly (434ms)
			ExecutionOrderSort (0ms)
			DisableScriptedObjects (15ms)
			BackupInstance (0ms)
			ReleaseScriptingObjects (0ms)
			CreateAndSetChildDomain (111ms)
		EndReloadAssembly (1880ms)
			LoadAssemblies (341ms)
			RebuildTransferFunctionScriptingTraits (0ms)
			SetupTypeCache (668ms)
			ReleaseScriptCaches (3ms)
			RebuildScriptCaches (95ms)
			SetupLoadedEditorAssemblies (774ms)
				LogAssemblyErrors (0ms)
				InitializePlatformSupportModulesInManaged (29ms)
				SetLoadedEditorAssemblies (1ms)
				RefreshPlugins (1ms)
				BeforeProcessingInitializeOnLoad (137ms)
				ProcessInitializeOnLoadAttributes (521ms)
				ProcessInitializeOnLoadMethodAttributes (63ms)
				AfterProcessingInitializeOnLoad (21ms)
				EditorAssembliesLoaded (0ms)
			ExecutionOrderSort2 (0ms)
			AwakeInstancesAfterBackupRestoration (15ms)
Platform modules already initialized, skipping
Refreshing native plugins compatible for Editor in 3.67 ms, found 3 plugins.
Preloading 0 native plugins for Editor in 0.00 ms.
Unloading 3380 Unused Serialized files (Serialized files now loaded: 0)
Unloading 20 unused Assets / (80.4 KB). Loaded Objects now: 3861.
Memory consumption went from 116.9 MB to 116.8 MB.
Total: 6.166900 ms (FindLiveObjects: 0.481100 ms CreateObjectMapping: 0.194700 ms MarkObjects: 5.306300 ms  DeleteObjects: 0.182300 ms)

AssetImportParameters requested are different than current active one (requested -> active):
  custom:video-decoder-ogg-theora: a1e56fd34408186e4bbccfd4996cb3dc -> 
  custom:container-muxer-webm: aa71ff27fc2769a1b78a27578f13a17b -> 
  custom:container-demuxer-webm: 4f35f7cbe854078d1ac9338744f61a02 -> 
  custom:video-encoder-webm-vp8: eb34c28f22e8b96e1ab97ce403110664 -> 
  custom:audio-encoder-webm-vorbis: bf7c407c2cedff20999df2af8eb42d56 -> 
  custom:framework-win-MediaFoundation: 216162199b28c13a410421893ffa2e32 -> 
  custom:container-demuxer-ogg: 62fdf1f143b41e24485cea50d1cbac27 -> 
  custom:video-decoder-webm-vp8: 9c59270c3fd7afecdb556c50c9e8de78 -> 
  custom:audio-decoder-ogg-vorbis: bf7c407c2cedff20999df2af8eb42d56 -> 
========================================================================
Received Import Request.
  Time since last request: 67.114048 seconds.
  path: Assets/Script/EnemyMovement.cs
  artifactKey: Guid(1c9fef3550d543e43af23db46996931e) Importer(815301076,1909f56bfc062723c751e8b465ee728b)
Start importing Assets/Script/EnemyMovement.cs using Guid(1c9fef3550d543e43af23db46996931e) Importer(815301076,1909f56bfc062723c751e8b465ee728b)  -> (artifact id: '6aa43d516e72b5cac8e3e4e2cdfee056') in 0.016193 seconds 
========================================================================
Received Import Request.
  Time since last request: 68.775636 seconds.
  path: Assets/New Material 1.mat
  artifactKey: Guid(38392a19e3fac244887e5d2e50274719) Importer(815301076,1909f56bfc062723c751e8b465ee728b)
Start importing Assets/New Material 1.mat using Guid(38392a19e3fac244887e5d2e50274719) Importer(815301076,1909f56bfc062723c751e8b465ee728b)  -> (artifact id: 'f6b9e7b3d161b1fc1ae8fe5660d14df3') in 0.387918 seconds 
========================================================================
Received Import Request.
  Time since last request: 0.000079 seconds.
  path: Assets/New Material.mat
  artifactKey: Guid(f6dafc3c63b9b7c4799fa15380310650) Importer(815301076,1909f56bfc062723c751e8b465ee728b)
Start importing Assets/New Material.mat using Guid(f6dafc3c63b9b7c4799fa15380310650) Importer(815301076,1909f56bfc062723c751e8b465ee728b)  -> (artifact id: '4c9bb1617b22cc520c9283ac46657939') in 0.045576 seconds 
========================================================================
Received Prepare
Registering precompiled user dll's ...
Registered in 0.009125 seconds.
Begin MonoManager ReloadAssembly
Symbol file LoadedFromMemory doesn't match image E:\Ngoding\Game Unity\Realm defense\Library\PackageCache\com.unity.visualscripting@1.8.0\Editor\VisualScripting.Core\Dependencies\YamlDotNet\Unity.VisualScripting.YamlDotNet.dll
Symbol file LoadedFromMemory doesn't match image E:\Ngoding\Game Unity\Realm defense\Library\PackageCache\com.unity.visualscripting@1.8.0\Editor\VisualScripting.Core\Dependencies\DotNetZip\Unity.VisualScripting.IonicZip.dll
Native extension for WindowsStandalone target not found
Refreshing native plugins compatible for Editor in 2.38 ms, found 3 plugins.
Preloading 0 native plugins for Editor in 0.00 ms.
Mono: successfully reloaded assembly
- Completed reload, in  4.267 seconds
Domain Reload Profiling:
	ReloadAssembly (4268ms)
		BeginReloadAssembly (337ms)
			ExecutionOrderSort (0ms)
			DisableScriptedObjects (9ms)
			BackupInstance (0ms)
			ReleaseScriptingObjects (0ms)
			CreateAndSetChildDomain (82ms)
		EndReloadAssembly (3676ms)
			LoadAssemblies (254ms)
			RebuildTransferFunctionScriptingTraits (0ms)
			SetupTypeCache (1098ms)
			ReleaseScriptCaches (4ms)
			RebuildScriptCaches (191ms)
			SetupLoadedEditorAssemblies (1822ms)
				LogAssemblyErrors (0ms)
				InitializePlatformSupportModulesInManaged (74ms)
				SetLoadedEditorAssemblies (4ms)
				RefreshPlugins (3ms)
				BeforeProcessingInitializeOnLoad (298ms)
				ProcessInitializeOnLoadAttributes (1178ms)
				ProcessInitializeOnLoadMethodAttributes (225ms)
				AfterProcessingInitializeOnLoad (39ms)
				EditorAssembliesLoaded (1ms)
			ExecutionOrderSort2 (0ms)
			AwakeInstancesAfterBackupRestoration (36ms)
Platform modules already initialized, skipping
Refreshing native plugins compatible for Editor in 8.54 ms, found 3 plugins.
Preloading 0 native plugins for Editor in 0.00 ms.
Unloading 3380 Unused Serialized files (Serialized files now loaded: 0)
Unloading 20 unused Assets / (80.3 KB). Loaded Objects now: 3905.
Memory consumption went from 121.4 MB to 121.3 MB.
Total: 10.864400 ms (FindLiveObjects: 0.577600 ms CreateObjectMapping: 1.257900 ms MarkObjects: 8.478400 ms  DeleteObjects: 0.547900 ms)

AssetImportParameters requested are different than current active one (requested -> active):
  custom:video-decoder-ogg-theora: a1e56fd34408186e4bbccfd4996cb3dc -> 
  custom:container-muxer-webm: aa71ff27fc2769a1b78a27578f13a17b -> 
  custom:container-demuxer-webm: 4f35f7cbe854078d1ac9338744f61a02 -> 
  custom:video-encoder-webm-vp8: eb34c28f22e8b96e1ab97ce403110664 -> 
  custom:audio-encoder-webm-vorbis: bf7c407c2cedff20999df2af8eb42d56 -> 
  custom:framework-win-MediaFoundation: 216162199b28c13a410421893ffa2e32 -> 
  custom:container-demuxer-ogg: 62fdf1f143b41e24485cea50d1cbac27 -> 
  custom:video-decoder-webm-vp8: 9c59270c3fd7afecdb556c50c9e8de78 -> 
  custom:audio-decoder-ogg-vorbis: bf7c407c2cedff20999df2af8eb42d56 -> 
========================================================================
Received Prepare
Registering precompiled user dll's ...
Registered in 0.012755 seconds.
Begin MonoManager ReloadAssembly
Symbol file LoadedFromMemory doesn't match image E:\Ngoding\Game Unity\Realm defense\Library\PackageCache\com.unity.visualscripting@1.8.0\Editor\VisualScripting.Core\Dependencies\YamlDotNet\Unity.VisualScripting.YamlDotNet.dll
Symbol file LoadedFromMemory doesn't match image E:\Ngoding\Game Unity\Realm defense\Library\PackageCache\com.unity.visualscripting@1.8.0\Editor\VisualScripting.Core\Dependencies\DotNetZip\Unity.VisualScripting.IonicZip.dll
Native extension for WindowsStandalone target not found
Refreshing native plugins compatible for Editor in 2.95 ms, found 3 plugins.
Preloading 0 native plugins for Editor in 0.00 ms.
Mono: successfully reloaded assembly
- Completed reload, in  4.406 seconds
Domain Reload Profiling:
	ReloadAssembly (4408ms)
		BeginReloadAssembly (977ms)
			ExecutionOrderSort (0ms)
			DisableScriptedObjects (34ms)
			BackupInstance (0ms)
			ReleaseScriptingObjects (0ms)
			CreateAndSetChildDomain (187ms)
		EndReloadAssembly (2536ms)
			LoadAssemblies (784ms)
			RebuildTransferFunctionScriptingTraits (0ms)
			SetupTypeCache (910ms)
			ReleaseScriptCaches (4ms)
			RebuildScriptCaches (200ms)
			SetupLoadedEditorAssemblies (821ms)
				LogAssemblyErrors (0ms)
				InitializePlatformSupportModulesInManaged (51ms)
				SetLoadedEditorAssemblies (3ms)
				RefreshPlugins (3ms)
				BeforeProcessingInitializeOnLoad (165ms)
				ProcessInitializeOnLoadAttributes (518ms)
				ProcessInitializeOnLoadMethodAttributes (60ms)
				AfterProcessingInitializeOnLoad (20ms)
				EditorAssembliesLoaded (0ms)
			ExecutionOrderSort2 (0ms)
			AwakeInstancesAfterBackupRestoration (15ms)
Platform modules already initialized, skipping
Refreshing native plugins compatible for Editor in 3.70 ms, found 3 plugins.
Preloading 0 native plugins for Editor in 0.00 ms.
Unloading 3380 Unused Serialized files (Serialized files now loaded: 0)
Unloading 20 unused Assets / (80.3 KB). Loaded Objects now: 3908.
Memory consumption went from 121.5 MB to 121.4 MB.
Total: 6.048800 ms (FindLiveObjects: 0.547400 ms CreateObjectMapping: 0.382500 ms MarkObjects: 4.925500 ms  DeleteObjects: 0.190500 ms)

AssetImportParameters requested are different than current active one (requested -> active):
  custom:video-decoder-ogg-theora: a1e56fd34408186e4bbccfd4996cb3dc -> 
  custom:container-muxer-webm: aa71ff27fc2769a1b78a27578f13a17b -> 
  custom:container-demuxer-webm: 4f35f7cbe854078d1ac9338744f61a02 -> 
  custom:video-encoder-webm-vp8: eb34c28f22e8b96e1ab97ce403110664 -> 
  custom:audio-encoder-webm-vorbis: bf7c407c2cedff20999df2af8eb42d56 -> 
  custom:framework-win-MediaFoundation: 216162199b28c13a410421893ffa2e32 -> 
  custom:container-demuxer-ogg: 62fdf1f143b41e24485cea50d1cbac27 -> 
  custom:video-decoder-webm-vp8: 9c59270c3fd7afecdb556c50c9e8de78 -> 
  custom:audio-decoder-ogg-vorbis: bf7c407c2cedff20999df2af8eb42d56 -> 
========================================================================
Received Prepare
Registering precompiled user dll's ...
Registered in 0.011392 seconds.
Begin MonoManager ReloadAssembly
Symbol file LoadedFromMemory doesn't match image E:\Ngoding\Game Unity\Realm defense\Library\PackageCache\com.unity.visualscripting@1.8.0\Editor\VisualScripting.Core\Dependencies\YamlDotNet\Unity.VisualScripting.YamlDotNet.dll
Symbol file LoadedFromMemory doesn't match image E:\Ngoding\Game Unity\Realm defense\Library\PackageCache\com.unity.visualscripting@1.8.0\Editor\VisualScripting.Core\Dependencies\DotNetZip\Unity.VisualScripting.IonicZip.dll
Native extension for WindowsStandalone target not found
Refreshing native plugins compatible for Editor in 2.56 ms, found 3 plugins.
Preloading 0 native plugins for Editor in 0.00 ms.
Mono: successfully reloaded assembly
- Completed reload, in  4.441 seconds
Domain Reload Profiling:
	ReloadAssembly (4443ms)
		BeginReloadAssembly (394ms)
			ExecutionOrderSort (0ms)
			DisableScriptedObjects (11ms)
			BackupInstance (0ms)
			ReleaseScriptingObjects (0ms)
			CreateAndSetChildDomain (77ms)
		EndReloadAssembly (3708ms)
			LoadAssemblies (318ms)
			RebuildTransferFunctionScriptingTraits (0ms)
			SetupTypeCache (1150ms)
			ReleaseScriptCaches (5ms)
			RebuildScriptCaches (214ms)
			SetupLoadedEditorAssemblies (1704ms)
				LogAssemblyErrors (0ms)
				InitializePlatformSupportModulesInManaged (66ms)
				SetLoadedEditorAssemblies (3ms)
				RefreshPlugins (3ms)
				BeforeProcessingInitializeOnLoad (342ms)
				ProcessInitializeOnLoadAttributes (1117ms)
				ProcessInitializeOnLoadMethodAttributes (121ms)
				AfterProcessingInitializeOnLoad (51ms)
				EditorAssembliesLoaded (1ms)
			ExecutionOrderSort2 (0ms)
			AwakeInstancesAfterBackupRestoration (32ms)
Platform modules already initialized, skipping
Refreshing native plugins compatible for Editor in 11.08 ms, found 3 plugins.
Preloading 0 native plugins for Editor in 0.00 ms.
Unloading 3380 Unused Serialized files (Serialized files now loaded: 0)
Unloading 20 unused Assets / (80.3 KB). Loaded Objects now: 3911.
Memory consumption went from 121.5 MB to 121.5 MB.
Total: 12.962500 ms (FindLiveObjects: 0.773200 ms CreateObjectMapping: 0.561000 ms MarkObjects: 11.329900 ms  DeleteObjects: 0.295400 ms)

AssetImportParameters requested are different than current active one (requested -> active):
  custom:video-decoder-ogg-theora: a1e56fd34408186e4bbccfd4996cb3dc -> 
  custom:container-muxer-webm: aa71ff27fc2769a1b78a27578f13a17b -> 
  custom:container-demuxer-webm: 4f35f7cbe854078d1ac9338744f61a02 -> 
  custom:video-encoder-webm-vp8: eb34c28f22e8b96e1ab97ce403110664 -> 
  custom:audio-encoder-webm-vorbis: bf7c407c2cedff20999df2af8eb42d56 -> 
  custom:framework-win-MediaFoundation: 216162199b28c13a410421893ffa2e32 -> 
  custom:container-demuxer-ogg: 62fdf1f143b41e24485cea50d1cbac27 -> 
  custom:video-decoder-webm-vp8: 9c59270c3fd7afecdb556c50c9e8de78 -> 
  custom:audio-decoder-ogg-vorbis: bf7c407c2cedff20999df2af8eb42d56 -> 
========================================================================
Received Import Request.
  Time since last request: 212.164653 seconds.
  path: Assets/Enemy.mat
  artifactKey: Guid(38392a19e3fac244887e5d2e50274719) Importer(815301076,1909f56bfc062723c751e8b465ee728b)
Start importing Assets/Enemy.mat using Guid(38392a19e3fac244887e5d2e50274719) Importer(815301076,1909f56bfc062723c751e8b465ee728b)  -> (artifact id: '1f4cf86842ffab47160b756b1290eec8') in 0.216417 seconds 
========================================================================
Received Import Request.
  Time since last request: 3.727459 seconds.
  path: Assets/Enemy.mat
  artifactKey: Guid(38392a19e3fac244887e5d2e50274719) Importer(815301076,1909f56bfc062723c751e8b465ee728b)
Start importing Assets/Enemy.mat using Guid(38392a19e3fac244887e5d2e50274719) Importer(815301076,1909f56bfc062723c751e8b465ee728b)  -> (artifact id: '2f4be11d852f7c931333b19622582fb6') in 0.037887 seconds 
========================================================================
Received Import Request.
  Time since last request: 0.000334 seconds.
  path: Assets/Tile.mat
  artifactKey: Guid(f6dafc3c63b9b7c4799fa15380310650) Importer(815301076,1909f56bfc062723c751e8b465ee728b)
Start importing Assets/Tile.mat using Guid(f6dafc3c63b9b7c4799fa15380310650) Importer(815301076,1909f56bfc062723c751e8b465ee728b)  -> (artifact id: '7132794a24514f55183cf60de148ba51') in 0.047739 seconds 
========================================================================
Received Prepare
Registering precompiled user dll's ...
Registered in 0.020736 seconds.
Begin MonoManager ReloadAssembly
Symbol file LoadedFromMemory doesn't match image E:\Ngoding\Game Unity\Realm defense\Library\PackageCache\com.unity.visualscripting@1.8.0\Editor\VisualScripting.Core\Dependencies\YamlDotNet\Unity.VisualScripting.YamlDotNet.dll
Symbol file LoadedFromMemory doesn't match image E:\Ngoding\Game Unity\Realm defense\Library\PackageCache\com.unity.visualscripting@1.8.0\Editor\VisualScripting.Core\Dependencies\DotNetZip\Unity.VisualScripting.IonicZip.dll
Native extension for WindowsStandalone target not found
Refreshing native plugins compatible for Editor in 1.24 ms, found 3 plugins.
Preloading 0 native plugins for Editor in 0.00 ms.
Mono: successfully reloaded assembly
- Completed reload, in  3.783 seconds
Domain Reload Profiling:
	ReloadAssembly (3785ms)
		BeginReloadAssembly (788ms)
			ExecutionOrderSort (0ms)
			DisableScriptedObjects (20ms)
			BackupInstance (0ms)
			ReleaseScriptingObjects (0ms)
			CreateAndSetChildDomain (197ms)
		EndReloadAssembly (2421ms)
			LoadAssemblies (594ms)
			RebuildTransferFunctionScriptingTraits (0ms)
			SetupTypeCache (1082ms)
			ReleaseScriptCaches (3ms)
			RebuildScriptCaches (106ms)
			SetupLoadedEditorAssemblies (824ms)
				LogAssemblyErrors (0ms)
				InitializePlatformSupportModulesInManaged (33ms)
				SetLoadedEditorAssemblies (1ms)
				RefreshPlugins (1ms)
				BeforeProcessingInitializeOnLoad (140ms)
				ProcessInitializeOnLoadAttributes (565ms)
				ProcessInitializeOnLoadMethodAttributes (63ms)
				AfterProcessingInitializeOnLoad (21ms)
				EditorAssembliesLoaded (0ms)
			ExecutionOrderSort2 (0ms)
			AwakeInstancesAfterBackupRestoration (14ms)
Platform modules already initialized, skipping
Refreshing native plugins compatible for Editor in 3.74 ms, found 3 plugins.
Preloading 0 native plugins for Editor in 0.00 ms.
Unloading 3380 Unused Serialized files (Serialized files now loaded: 0)
Unloading 20 unused Assets / (80.4 KB). Loaded Objects now: 3914.
Memory consumption went from 121.5 MB to 121.4 MB.
Total: 8.032400 ms (FindLiveObjects: 0.485500 ms CreateObjectMapping: 0.299600 ms MarkObjects: 7.006700 ms  DeleteObjects: 0.238000 ms)

AssetImportParameters requested are different than current active one (requested -> active):
  custom:video-decoder-ogg-theora: a1e56fd34408186e4bbccfd4996cb3dc -> 
  custom:container-muxer-webm: aa71ff27fc2769a1b78a27578f13a17b -> 
  custom:container-demuxer-webm: 4f35f7cbe854078d1ac9338744f61a02 -> 
  custom:video-encoder-webm-vp8: eb34c28f22e8b96e1ab97ce403110664 -> 
  custom:audio-encoder-webm-vorbis: bf7c407c2cedff20999df2af8eb42d56 -> 
  custom:framework-win-MediaFoundation: 216162199b28c13a410421893ffa2e32 -> 
  custom:container-demuxer-ogg: 62fdf1f143b41e24485cea50d1cbac27 -> 
  custom:video-decoder-webm-vp8: 9c59270c3fd7afecdb556c50c9e8de78 -> 
  custom:audio-decoder-ogg-vorbis: bf7c407c2cedff20999df2af8eb42d56 -> 
========================================================================
Received Prepare
Registering precompiled user dll's ...
Registered in 0.010597 seconds.
Begin MonoManager ReloadAssembly
Symbol file LoadedFromMemory doesn't match image E:\Ngoding\Game Unity\Realm defense\Library\PackageCache\com.unity.visualscripting@1.8.0\Editor\VisualScripting.Core\Dependencies\YamlDotNet\Unity.VisualScripting.YamlDotNet.dll
Symbol file LoadedFromMemory doesn't match image E:\Ngoding\Game Unity\Realm defense\Library\PackageCache\com.unity.visualscripting@1.8.0\Editor\VisualScripting.Core\Dependencies\DotNetZip\Unity.VisualScripting.IonicZip.dll
Native extension for WindowsStandalone target not found
Refreshing native plugins compatible for Editor in 1.43 ms, found 3 plugins.
Preloading 0 native plugins for Editor in 0.00 ms.
Mono: successfully reloaded assembly
- Completed reload, in  2.528 seconds
Domain Reload Profiling:
	ReloadAssembly (2530ms)
		BeginReloadAssembly (320ms)
			ExecutionOrderSort (0ms)
			DisableScriptedObjects (13ms)
			BackupInstance (0ms)
			ReleaseScriptingObjects (0ms)
			CreateAndSetChildDomain (79ms)
		EndReloadAssembly (1916ms)
			LoadAssemblies (238ms)
			RebuildTransferFunctionScriptingTraits (0ms)
			SetupTypeCache (659ms)
			ReleaseScriptCaches (2ms)
			RebuildScriptCaches (110ms)
			SetupLoadedEditorAssemblies (824ms)
				LogAssemblyErrors (0ms)
				InitializePlatformSupportModulesInManaged (30ms)
				SetLoadedEditorAssemblies (1ms)
				RefreshPlugins (2ms)
				BeforeProcessingInitializeOnLoad (165ms)
				ProcessInitializeOnLoadAttributes (550ms)
				ProcessInitializeOnLoadMethodAttributes (55ms)
				AfterProcessingInitializeOnLoad (20ms)
				EditorAssembliesLoaded (0ms)
			ExecutionOrderSort2 (0ms)
			AwakeInstancesAfterBackupRestoration (16ms)
Platform modules already initialized, skipping
Refreshing native plugins compatible for Editor in 4.51 ms, found 3 plugins.
Preloading 0 native plugins for Editor in 0.00 ms.
Unloading 3380 Unused Serialized files (Serialized files now loaded: 0)
Unloading 20 unused Assets / (80.4 KB). Loaded Objects now: 3917.
Memory consumption went from 121.6 MB to 121.5 MB.
Total: 6.831100 ms (FindLiveObjects: 0.430800 ms CreateObjectMapping: 0.250400 ms MarkObjects: 5.934900 ms  DeleteObjects: 0.212300 ms)

AssetImportParameters requested are different than current active one (requested -> active):
  custom:video-decoder-ogg-theora: a1e56fd34408186e4bbccfd4996cb3dc -> 
  custom:container-muxer-webm: aa71ff27fc2769a1b78a27578f13a17b -> 
  custom:container-demuxer-webm: 4f35f7cbe854078d1ac9338744f61a02 -> 
  custom:video-encoder-webm-vp8: eb34c28f22e8b96e1ab97ce403110664 -> 
  custom:audio-encoder-webm-vorbis: bf7c407c2cedff20999df2af8eb42d56 -> 
  custom:framework-win-MediaFoundation: 216162199b28c13a410421893ffa2e32 -> 
  custom:container-demuxer-ogg: 62fdf1f143b41e24485cea50d1cbac27 -> 
  custom:video-decoder-webm-vp8: 9c59270c3fd7afecdb556c50c9e8de78 -> 
  custom:audio-decoder-ogg-vorbis: bf7c407c2cedff20999df2af8eb42d56 -> 
========================================================================
Received Prepare
Registering precompiled user dll's ...
Registered in 0.008343 seconds.
Begin MonoManager ReloadAssembly
Symbol file LoadedFromMemory doesn't match image E:\Ngoding\Game Unity\Realm defense\Library\PackageCache\com.unity.visualscripting@1.8.0\Editor\VisualScripting.Core\Dependencies\YamlDotNet\Unity.VisualScripting.YamlDotNet.dll
Symbol file LoadedFromMemory doesn't match image E:\Ngoding\Game Unity\Realm defense\Library\PackageCache\com.unity.visualscripting@1.8.0\Editor\VisualScripting.Core\Dependencies\DotNetZip\Unity.VisualScripting.IonicZip.dll
Native extension for WindowsStandalone target not found
Refreshing native plugins compatible for Editor in 1.35 ms, found 3 plugins.
Preloading 0 native plugins for Editor in 0.00 ms.
Mono: successfully reloaded assembly
- Completed reload, in  2.521 seconds
Domain Reload Profiling:
	ReloadAssembly (2522ms)
		BeginReloadAssembly (374ms)
			ExecutionOrderSort (0ms)
			DisableScriptedObjects (16ms)
			BackupInstance (0ms)
			ReleaseScriptingObjects (0ms)
			CreateAndSetChildDomain (90ms)
		EndReloadAssembly (1901ms)
			LoadAssemblies (278ms)
			RebuildTransferFunctionScriptingTraits (0ms)
			SetupTypeCache (672ms)
			ReleaseScriptCaches (3ms)
			RebuildScriptCaches (83ms)
			SetupLoadedEditorAssemblies (838ms)
				LogAssemblyErrors (0ms)
				InitializePlatformSupportModulesInManaged (28ms)
				SetLoadedEditorAssemblies (1ms)
				RefreshPlugins (2ms)
				BeforeProcessingInitializeOnLoad (187ms)
				ProcessInitializeOnLoadAttributes (538ms)
				ProcessInitializeOnLoadMethodAttributes (62ms)
				AfterProcessingInitializeOnLoad (19ms)
				EditorAssembliesLoaded (1ms)
			ExecutionOrderSort2 (0ms)
			AwakeInstancesAfterBackupRestoration (15ms)
Platform modules already initialized, skipping
Refreshing native plugins compatible for Editor in 3.36 ms, found 3 plugins.
Preloading 0 native plugins for Editor in 0.00 ms.
Unloading 3380 Unused Serialized files (Serialized files now loaded: 0)
Unloading 20 unused Assets / (80.4 KB). Loaded Objects now: 3920.
Memory consumption went from 121.6 MB to 121.5 MB.
Total: 5.754400 ms (FindLiveObjects: 0.399000 ms CreateObjectMapping: 0.251900 ms MarkObjects: 4.915700 ms  DeleteObjects: 0.185100 ms)

AssetImportParameters requested are different than current active one (requested -> active):
  custom:video-decoder-ogg-theora: a1e56fd34408186e4bbccfd4996cb3dc -> 
  custom:container-muxer-webm: aa71ff27fc2769a1b78a27578f13a17b -> 
  custom:container-demuxer-webm: 4f35f7cbe854078d1ac9338744f61a02 -> 
  custom:video-encoder-webm-vp8: eb34c28f22e8b96e1ab97ce403110664 -> 
  custom:audio-encoder-webm-vorbis: bf7c407c2cedff20999df2af8eb42d56 -> 
  custom:framework-win-MediaFoundation: 216162199b28c13a410421893ffa2e32 -> 
  custom:container-demuxer-ogg: 62fdf1f143b41e24485cea50d1cbac27 -> 
  custom:video-decoder-webm-vp8: 9c59270c3fd7afecdb556c50c9e8de78 -> 
  custom:audio-decoder-ogg-vorbis: bf7c407c2cedff20999df2af8eb42d56 -> 
========================================================================
Received Prepare
Registering precompiled user dll's ...
Registered in 0.037616 seconds.
Begin MonoManager ReloadAssembly
Symbol file LoadedFromMemory doesn't match image E:\Ngoding\Game Unity\Realm defense\Library\PackageCache\com.unity.visualscripting@1.8.0\Editor\VisualScripting.Core\Dependencies\YamlDotNet\Unity.VisualScripting.YamlDotNet.dll
Symbol file LoadedFromMemory doesn't match image E:\Ngoding\Game Unity\Realm defense\Library\PackageCache\com.unity.visualscripting@1.8.0\Editor\VisualScripting.Core\Dependencies\DotNetZip\Unity.VisualScripting.IonicZip.dll
Native extension for WindowsStandalone target not found
Refreshing native plugins compatible for Editor in 1.23 ms, found 3 plugins.
Preloading 0 native plugins for Editor in 0.00 ms.
Mono: successfully reloaded assembly
- Completed reload, in  3.079 seconds
Domain Reload Profiling:
	ReloadAssembly (3081ms)
		BeginReloadAssembly (499ms)
			ExecutionOrderSort (0ms)
			DisableScriptedObjects (16ms)
			BackupInstance (0ms)
			ReleaseScriptingObjects (0ms)
			CreateAndSetChildDomain (94ms)
		EndReloadAssembly (2166ms)
			LoadAssemblies (388ms)
			RebuildTransferFunctionScriptingTraits (0ms)
			SetupTypeCache (990ms)
			ReleaseScriptCaches (3ms)
			RebuildScriptCaches (92ms)
			SetupLoadedEditorAssemblies (771ms)
				LogAssemblyErrors (0ms)
				InitializePlatformSupportModulesInManaged (31ms)
				SetLoadedEditorAssemblies (1ms)
				RefreshPlugins (1ms)
				BeforeProcessingInitializeOnLoad (137ms)
				ProcessInitializeOnLoadAttributes (513ms)
				ProcessInitializeOnLoadMethodAttributes (66ms)
				AfterProcessingInitializeOnLoad (21ms)
				EditorAssembliesLoaded (0ms)
			ExecutionOrderSort2 (0ms)
			AwakeInstancesAfterBackupRestoration (16ms)
Platform modules already initialized, skipping
Refreshing native plugins compatible for Editor in 3.40 ms, found 3 plugins.
Preloading 0 native plugins for Editor in 0.00 ms.
Unloading 3380 Unused Serialized files (Serialized files now loaded: 0)
Unloading 20 unused Assets / (80.4 KB). Loaded Objects now: 3923.
Memory consumption went from 121.6 MB to 121.5 MB.
Total: 7.057800 ms (FindLiveObjects: 0.494200 ms CreateObjectMapping: 0.343600 ms MarkObjects: 6.023000 ms  DeleteObjects: 0.194700 ms)

AssetImportParameters requested are different than current active one (requested -> active):
  custom:video-decoder-ogg-theora: a1e56fd34408186e4bbccfd4996cb3dc -> 
  custom:container-muxer-webm: aa71ff27fc2769a1b78a27578f13a17b -> 
  custom:container-demuxer-webm: 4f35f7cbe854078d1ac9338744f61a02 -> 
  custom:video-encoder-webm-vp8: eb34c28f22e8b96e1ab97ce403110664 -> 
  custom:audio-encoder-webm-vorbis: bf7c407c2cedff20999df2af8eb42d56 -> 
  custom:framework-win-MediaFoundation: 216162199b28c13a410421893ffa2e32 -> 
  custom:container-demuxer-ogg: 62fdf1f143b41e24485cea50d1cbac27 -> 
  custom:video-decoder-webm-vp8: 9c59270c3fd7afecdb556c50c9e8de78 -> 
  custom:audio-decoder-ogg-vorbis: bf7c407c2cedff20999df2af8eb42d56 -> 
========================================================================
Received Prepare
Registering precompiled user dll's ...
Registered in 0.010417 seconds.
Begin MonoManager ReloadAssembly
Symbol file LoadedFromMemory doesn't match image E:\Ngoding\Game Unity\Realm defense\Library\PackageCache\com.unity.visualscripting@1.8.0\Editor\VisualScripting.Core\Dependencies\YamlDotNet\Unity.VisualScripting.YamlDotNet.dll
Symbol file LoadedFromMemory doesn't match image E:\Ngoding\Game Unity\Realm defense\Library\PackageCache\com.unity.visualscripting@1.8.0\Editor\VisualScripting.Core\Dependencies\DotNetZip\Unity.VisualScripting.IonicZip.dll
Native extension for WindowsStandalone target not found
Refreshing native plugins compatible for Editor in 2.14 ms, found 3 plugins.
Preloading 0 native plugins for Editor in 0.00 ms.
Mono: successfully reloaded assembly
- Completed reload, in  3.607 seconds
Domain Reload Profiling:
	ReloadAssembly (3609ms)
		BeginReloadAssembly (381ms)
			ExecutionOrderSort (0ms)
			DisableScriptedObjects (12ms)
			BackupInstance (0ms)
			ReleaseScriptingObjects (0ms)
			CreateAndSetChildDomain (84ms)
		EndReloadAssembly (2859ms)
			LoadAssemblies (287ms)
			RebuildTransferFunctionScriptingTraits (0ms)
			SetupTypeCache (983ms)
			ReleaseScriptCaches (10ms)
			RebuildScriptCaches (218ms)
			SetupLoadedEditorAssemblies (1197ms)
				LogAssemblyErrors (0ms)
				InitializePlatformSupportModulesInManaged (57ms)
				SetLoadedEditorAssemblies (2ms)
				RefreshPlugins (2ms)
				BeforeProcessingInitializeOnLoad (191ms)
				ProcessInitializeOnLoadAttributes (852ms)
				ProcessInitializeOnLoadMethodAttributes (71ms)
				AfterProcessingInitializeOnLoad (20ms)
				EditorAssembliesLoaded (0ms)
			ExecutionOrderSort2 (0ms)
			AwakeInstancesAfterBackupRestoration (15ms)
Platform modules already initialized, skipping
Refreshing native plugins compatible for Editor in 3.79 ms, found 3 plugins.
Preloading 0 native plugins for Editor in 0.00 ms.
Unloading 3380 Unused Serialized files (Serialized files now loaded: 0)
Unloading 20 unused Assets / (80.4 KB). Loaded Objects now: 3926.
Memory consumption went from 121.6 MB to 121.5 MB.
Total: 8.153300 ms (FindLiveObjects: 0.524400 ms CreateObjectMapping: 0.482800 ms MarkObjects: 6.942700 ms  DeleteObjects: 0.201200 ms)

AssetImportParameters requested are different than current active one (requested -> active):
  custom:video-decoder-ogg-theora: a1e56fd34408186e4bbccfd4996cb3dc -> 
  custom:container-muxer-webm: aa71ff27fc2769a1b78a27578f13a17b -> 
  custom:container-demuxer-webm: 4f35f7cbe854078d1ac9338744f61a02 -> 
  custom:video-encoder-webm-vp8: eb34c28f22e8b96e1ab97ce403110664 -> 
  custom:audio-encoder-webm-vorbis: bf7c407c2cedff20999df2af8eb42d56 -> 
  custom:framework-win-MediaFoundation: 216162199b28c13a410421893ffa2e32 -> 
  custom:container-demuxer-ogg: 62fdf1f143b41e24485cea50d1cbac27 -> 
  custom:video-decoder-webm-vp8: 9c59270c3fd7afecdb556c50c9e8de78 -> 
  custom:audio-decoder-ogg-vorbis: bf7c407c2cedff20999df2af8eb42d56 -> 
========================================================================
Received Prepare
Registering precompiled user dll's ...
Registered in 0.013553 seconds.
Begin MonoManager ReloadAssembly
Symbol file LoadedFromMemory doesn't match image E:\Ngoding\Game Unity\Realm defense\Library\PackageCache\com.unity.visualscripting@1.8.0\Editor\VisualScripting.Core\Dependencies\YamlDotNet\Unity.VisualScripting.YamlDotNet.dll
Symbol file LoadedFromMemory doesn't match image E:\Ngoding\Game Unity\Realm defense\Library\PackageCache\com.unity.visualscripting@1.8.0\Editor\VisualScripting.Core\Dependencies\DotNetZip\Unity.VisualScripting.IonicZip.dll
Native extension for WindowsStandalone target not found
Refreshing native plugins compatible for Editor in 2.82 ms, found 3 plugins.
Preloading 0 native plugins for Editor in 0.00 ms.
Mono: successfully reloaded assembly
- Completed reload, in  4.649 seconds
Domain Reload Profiling:
	ReloadAssembly (4651ms)
		BeginReloadAssembly (373ms)
			ExecutionOrderSort (0ms)
			DisableScriptedObjects (15ms)
			BackupInstance (0ms)
			ReleaseScriptingObjects (0ms)
			CreateAndSetChildDomain (77ms)
		EndReloadAssembly (3966ms)
			LoadAssemblies (337ms)
			RebuildTransferFunctionScriptingTraits (0ms)
			SetupTypeCache (1284ms)
			ReleaseScriptCaches (6ms)
			RebuildScriptCaches (216ms)
			SetupLoadedEditorAssemblies (1804ms)
				LogAssemblyErrors (0ms)
				InitializePlatformSupportModulesInManaged (67ms)
				SetLoadedEditorAssemblies (3ms)
				RefreshPlugins (3ms)
				BeforeProcessingInitializeOnLoad (308ms)
				ProcessInitializeOnLoadAttributes (1227ms)
				ProcessInitializeOnLoadMethodAttributes (141ms)
				AfterProcessingInitializeOnLoad (53ms)
				EditorAssembliesLoaded (2ms)
			ExecutionOrderSort2 (2ms)
			AwakeInstancesAfterBackupRestoration (35ms)
Platform modules already initialized, skipping
Refreshing native plugins compatible for Editor in 3.84 ms, found 3 plugins.
Preloading 0 native plugins for Editor in 0.00 ms.
Unloading 3380 Unused Serialized files (Serialized files now loaded: 0)
Unloading 20 unused Assets / (80.4 KB). Loaded Objects now: 3929.
Memory consumption went from 121.5 MB to 121.4 MB.
Total: 6.776100 ms (FindLiveObjects: 0.491800 ms CreateObjectMapping: 0.243400 ms MarkObjects: 5.836100 ms  DeleteObjects: 0.202100 ms)

AssetImportParameters requested are different than current active one (requested -> active):
  custom:video-decoder-ogg-theora: a1e56fd34408186e4bbccfd4996cb3dc -> 
  custom:container-muxer-webm: aa71ff27fc2769a1b78a27578f13a17b -> 
  custom:container-demuxer-webm: 4f35f7cbe854078d1ac9338744f61a02 -> 
  custom:video-encoder-webm-vp8: eb34c28f22e8b96e1ab97ce403110664 -> 
  custom:audio-encoder-webm-vorbis: bf7c407c2cedff20999df2af8eb42d56 -> 
  custom:framework-win-MediaFoundation: 216162199b28c13a410421893ffa2e32 -> 
  custom:container-demuxer-ogg: 62fdf1f143b41e24485cea50d1cbac27 -> 
  custom:video-decoder-webm-vp8: 9c59270c3fd7afecdb556c50c9e8de78 -> 
  custom:audio-decoder-ogg-vorbis: bf7c407c2cedff20999df2af8eb42d56 -> 
========================================================================
Received Prepare
Registering precompiled user dll's ...
Registered in 0.012345 seconds.
Begin MonoManager ReloadAssembly
Symbol file LoadedFromMemory doesn't match image E:\Ngoding\Game Unity\Realm defense\Library\PackageCache\com.unity.visualscripting@1.8.0\Editor\VisualScripting.Core\Dependencies\YamlDotNet\Unity.VisualScripting.YamlDotNet.dll
Symbol file LoadedFromMemory doesn't match image E:\Ngoding\Game Unity\Realm defense\Library\PackageCache\com.unity.visualscripting@1.8.0\Editor\VisualScripting.Core\Dependencies\DotNetZip\Unity.VisualScripting.IonicZip.dll
Native extension for WindowsStandalone target not found
Refreshing native plugins compatible for Editor in 2.87 ms, found 3 plugins.
Preloading 0 native plugins for Editor in 0.00 ms.
Mono: successfully reloaded assembly
- Completed reload, in  4.373 seconds
Domain Reload Profiling:
	ReloadAssembly (4377ms)
		BeginReloadAssembly (364ms)
			ExecutionOrderSort (0ms)
			DisableScriptedObjects (10ms)
			BackupInstance (0ms)
			ReleaseScriptingObjects (0ms)
			CreateAndSetChildDomain (108ms)
		EndReloadAssembly (3755ms)
			LoadAssemblies (237ms)
			RebuildTransferFunctionScriptingTraits (0ms)
			SetupTypeCache (1237ms)
			ReleaseScriptCaches (6ms)
			RebuildScriptCaches (229ms)
			SetupLoadedEditorAssemblies (1685ms)
				LogAssemblyErrors (0ms)
				InitializePlatformSupportModulesInManaged (52ms)
				SetLoadedEditorAssemblies (1ms)
				RefreshPlugins (3ms)
				BeforeProcessingInitializeOnLoad (229ms)
				ProcessInitializeOnLoadAttributes (1189ms)
				ProcessInitializeOnLoadMethodAttributes (156ms)
				AfterProcessingInitializeOnLoad (53ms)
				EditorAssembliesLoaded (1ms)
			ExecutionOrderSort2 (0ms)
			AwakeInstancesAfterBackupRestoration (37ms)
Platform modules already initialized, skipping
Refreshing native plugins compatible for Editor in 3.73 ms, found 3 plugins.
Preloading 0 native plugins for Editor in 0.00 ms.
Unloading 3380 Unused Serialized files (Serialized files now loaded: 0)
Unloading 20 unused Assets / (80.4 KB). Loaded Objects now: 3932.
Memory consumption went from 121.6 MB to 121.5 MB.
Total: 8.219900 ms (FindLiveObjects: 0.458100 ms CreateObjectMapping: 0.308900 ms MarkObjects: 7.211600 ms  DeleteObjects: 0.237500 ms)

AssetImportParameters requested are different than current active one (requested -> active):
  custom:video-decoder-ogg-theora: a1e56fd34408186e4bbccfd4996cb3dc -> 
  custom:container-muxer-webm: aa71ff27fc2769a1b78a27578f13a17b -> 
  custom:container-demuxer-webm: 4f35f7cbe854078d1ac9338744f61a02 -> 
  custom:video-encoder-webm-vp8: eb34c28f22e8b96e1ab97ce403110664 -> 
  custom:audio-encoder-webm-vorbis: bf7c407c2cedff20999df2af8eb42d56 -> 
  custom:framework-win-MediaFoundation: 216162199b28c13a410421893ffa2e32 -> 
  custom:container-demuxer-ogg: 62fdf1f143b41e24485cea50d1cbac27 -> 
  custom:video-decoder-webm-vp8: 9c59270c3fd7afecdb556c50c9e8de78 -> 
  custom:audio-decoder-ogg-vorbis: bf7c407c2cedff20999df2af8eb42d56 -> 
========================================================================
Received Import Request.
  Time since last request: 1230.312374 seconds.
  path: Assets/VoxelCastle
  artifactKey: Guid(cefb95726d83e364a8b05b45388fb745) Importer(815301076,1909f56bfc062723c751e8b465ee728b)
Start importing Assets/VoxelCastle using Guid(cefb95726d83e364a8b05b45388fb745) Importer(815301076,1909f56bfc062723c751e8b465ee728b)  -> (artifact id: '8fd2ec23549758c01a1ad69d6bd9ff2b') in 0.060250 seconds 
========================================================================
Received Import Request.
  Time since last request: 8.548859 seconds.
  path: Assets/VoxelCastle/Prefabs
  artifactKey: Guid(0810c18387c203643b2bc85ab582fdff) Importer(815301076,1909f56bfc062723c751e8b465ee728b)
Start importing Assets/VoxelCastle/Prefabs using Guid(0810c18387c203643b2bc85ab582fdff) Importer(815301076,1909f56bfc062723c751e8b465ee728b)  -> (artifact id: '8cd1903cfdd1f60d72f8ff8e9d485ba1') in 0.034329 seconds 
========================================================================
Received Import Request.
  Time since last request: 0.000051 seconds.
  path: Assets/VoxelCastle/Prefabs/Tower_Left.prefab
  artifactKey: Guid(686cbd5927aa6d8498fcbade54b8d635) Importer(815301076,1909f56bfc062723c751e8b465ee728b)
Start importing Assets/VoxelCastle/Prefabs/Tower_Left.prefab using Guid(686cbd5927aa6d8498fcbade54b8d635) Importer(815301076,1909f56bfc062723c751e8b465ee728b)  -> (artifact id: '1d2ff946f791219792dfe8876f49723d') in 0.198469 seconds 
========================================================================
Received Import Request.
  Time since last request: 0.000048 seconds.
  path: Assets/VoxelCastle/Prefabs/Tower_Straight.prefab
  artifactKey: Guid(d37bc1d66713c1342bc827d9143c768e) Importer(815301076,1909f56bfc062723c751e8b465ee728b)
Start importing Assets/VoxelCastle/Prefabs/Tower_Straight.prefab using Guid(d37bc1d66713c1342bc827d9143c768e) Importer(815301076,1909f56bfc062723c751e8b465ee728b)  -> (artifact id: 'e4e9054bc5c1af5ad551fb18aa8a9df5') in 0.040713 seconds 
========================================================================
Received Import Request.
  Time since last request: 0.000074 seconds.
  path: Assets/VoxelCastle/Prefabs/Gate_2.prefab
  artifactKey: Guid(4c29e4de4a2bbfb4b8b0ef23411b4393) Importer(815301076,1909f56bfc062723c751e8b465ee728b)
Start importing Assets/VoxelCastle/Prefabs/Gate_2.prefab using Guid(4c29e4de4a2bbfb4b8b0ef23411b4393) Importer(815301076,1909f56bfc062723c751e8b465ee728b)  -> (artifact id: '9564ff5d47947dd84932d872e865f5ef') in 0.048171 seconds 
========================================================================
Received Import Request.
  Time since last request: 0.000051 seconds.
  path: Assets/VoxelCastle/Prefabs/Road_Straight.prefab
  artifactKey: Guid(516bafc615be66c4ab287e43b2c75817) Importer(815301076,1909f56bfc062723c751e8b465ee728b)
Start importing Assets/VoxelCastle/Prefabs/Road_Straight.prefab using Guid(516bafc615be66c4ab287e43b2c75817) Importer(815301076,1909f56bfc062723c751e8b465ee728b)  -> (artifact id: 'b3a2506066cb2bc98e89b822e75115d8') in 0.040159 seconds 
========================================================================
Received Import Request.
  Time since last request: 0.000061 seconds.
  path: Assets/VoxelCastle/Prefabs/Bolt.prefab
  artifactKey: Guid(7362a7dc6d14d7748953ae63138db72f) Importer(815301076,1909f56bfc062723c751e8b465ee728b)
Start importing Assets/VoxelCastle/Prefabs/Bolt.prefab using Guid(7362a7dc6d14d7748953ae63138db72f) Importer(815301076,1909f56bfc062723c751e8b465ee728b)  -> (artifact id: '64b5afa3b2c66533bb74da2191cfa56d') in 0.042109 seconds 
========================================================================
Received Import Request.
  Time since last request: 0.000053 seconds.
  path: Assets/VoxelCastle/Prefabs/Road_Corner.prefab
  artifactKey: Guid(7f00dff95729de9419a7a7c73f5e038f) Importer(815301076,1909f56bfc062723c751e8b465ee728b)
Start importing Assets/VoxelCastle/Prefabs/Road_Corner.prefab using Guid(7f00dff95729de9419a7a7c73f5e038f) Importer(815301076,1909f56bfc062723c751e8b465ee728b)  -> (artifact id: '43452088307685a5a640360887680e66') in 0.037437 seconds 
========================================================================
Received Import Request.
  Time since last request: 0.000059 seconds.
  path: Assets/VoxelCastle/Prefabs/Tree_Large.prefab
  artifactKey: Guid(e087f990d0ffa4f4c9f7dcf9b9f96eae) Importer(815301076,1909f56bfc062723c751e8b465ee728b)
Start importing Assets/VoxelCastle/Prefabs/Tree_Large.prefab using Guid(e087f990d0ffa4f4c9f7dcf9b9f96eae) Importer(815301076,1909f56bfc062723c751e8b465ee728b)  -> (artifact id: 'c3a50eb162a5967effe1c2125f1ee069') in 0.044187 seconds 
========================================================================
Received Import Request.
  Time since last request: 0.000085 seconds.
  path: Assets/VoxelCastle/Prefabs/Gate_1.prefab
  artifactKey: Guid(d0127103aeb54ed45b71e686472ac405) Importer(815301076,1909f56bfc062723c751e8b465ee728b)
Start importing Assets/VoxelCastle/Prefabs/Gate_1.prefab using Guid(d0127103aeb54ed45b71e686472ac405) Importer(815301076,1909f56bfc062723c751e8b465ee728b)  -> (artifact id: '971904fdeca9699cb0aa6e1f195a9dad') in 0.043047 seconds 
========================================================================
Received Import Request.
  Time since last request: 0.000049 seconds.
  path: Assets/VoxelCastle/Prefabs/Grass.prefab
  artifactKey: Guid(8268644ef66d0e148bce09f9dea8a666) Importer(815301076,1909f56bfc062723c751e8b465ee728b)
Start importing Assets/VoxelCastle/Prefabs/Grass.prefab using Guid(8268644ef66d0e148bce09f9dea8a666) Importer(815301076,1909f56bfc062723c751e8b465ee728b)  -> (artifact id: '440049487ccc394a41977da4d65de4d8') in 0.046214 seconds 
========================================================================
Received Import Request.
  Time since last request: 0.000115 seconds.
  path: Assets/VoxelCastle/Prefabs/Wall_In.prefab
  artifactKey: Guid(34e4951a39dba9449b7dc9d52534cd97) Importer(815301076,1909f56bfc062723c751e8b465ee728b)
Start importing Assets/VoxelCastle/Prefabs/Wall_In.prefab using Guid(34e4951a39dba9449b7dc9d52534cd97) Importer(815301076,1909f56bfc062723c751e8b465ee728b)  -> (artifact id: '5023ff7e5426bbd1f8ad36acfabd83fd') in 0.040638 seconds 
========================================================================
Received Import Request.
  Time since last request: 0.000069 seconds.
  path: Assets/VoxelCastle/Prefabs/Tree_Group.prefab
  artifactKey: Guid(7fb8d74871fa9c74cab9389cd54e2860) Importer(815301076,1909f56bfc062723c751e8b465ee728b)
Start importing Assets/VoxelCastle/Prefabs/Tree_Group.prefab using Guid(7fb8d74871fa9c74cab9389cd54e2860) Importer(815301076,1909f56bfc062723c751e8b465ee728b)  -> (artifact id: 'a3680de6f1330e3f1cae587b1c9ee4e9') in 0.055697 seconds 
========================================================================
Received Import Request.
  Time since last request: 0.000067 seconds.
  path: Assets/VoxelCastle/Prefabs/Shore_3.prefab
  artifactKey: Guid(09b5f3214c0f1ac4a98d9eb6975d5c50) Importer(815301076,1909f56bfc062723c751e8b465ee728b)
Start importing Assets/VoxelCastle/Prefabs/Shore_3.prefab using Guid(09b5f3214c0f1ac4a98d9eb6975d5c50) Importer(815301076,1909f56bfc062723c751e8b465ee728b)  -> (artifact id: '62473a84bad2ae4aebc509b7b109d3be') in 0.044407 seconds 
========================================================================
Received Import Request.
  Time since last request: 0.000085 seconds.
  path: Assets/VoxelCastle/Prefabs/Water.prefab
  artifactKey: Guid(437f4c0ccc35e824fac7b91fa50716d5) Importer(815301076,1909f56bfc062723c751e8b465ee728b)
Start importing Assets/VoxelCastle/Prefabs/Water.prefab using Guid(437f4c0ccc35e824fac7b91fa50716d5) Importer(815301076,1909f56bfc062723c751e8b465ee728b)  -> (artifact id: 'fdcbcf3ba8efde4f544859d6c20fa1ab') in 0.052220 seconds 
========================================================================
Received Import Request.
  Time since last request: 0.000073 seconds.
  path: Assets/VoxelCastle/Prefabs/Ballista.prefab
  artifactKey: Guid(8a965e088bae16643aab3d07ccfd5e2e) Importer(815301076,1909f56bfc062723c751e8b465ee728b)
Start importing Assets/VoxelCastle/Prefabs/Ballista.prefab using Guid(8a965e088bae16643aab3d07ccfd5e2e) Importer(815301076,1909f56bfc062723c751e8b465ee728b)  -> (artifact id: '7403b2893a6a560a3e6c678ddba641bc') in 0.071132 seconds 
========================================================================
Received Import Request.
  Time since last request: 0.000168 seconds.
  path: Assets/VoxelCastle/Prefabs/Shore_2.prefab
  artifactKey: Guid(be3e859d916267f489f694bfa840a7b3) Importer(815301076,1909f56bfc062723c751e8b465ee728b)
Start importing Assets/VoxelCastle/Prefabs/Shore_2.prefab using Guid(be3e859d916267f489f694bfa840a7b3) Importer(815301076,1909f56bfc062723c751e8b465ee728b)  -> (artifact id: '787edf2ec18de079bac00fb94ac81bd1') in 0.048510 seconds 
========================================================================
Received Import Request.
  Time since last request: 0.000091 seconds.
  path: Assets/VoxelCastle/Prefabs/Tower_Right.prefab
  artifactKey: Guid(9c8abec1ab510d741bfdef12c80c36d5) Importer(815301076,1909f56bfc062723c751e8b465ee728b)
Start importing Assets/VoxelCastle/Prefabs/Tower_Right.prefab using Guid(9c8abec1ab510d741bfdef12c80c36d5) Importer(815301076,1909f56bfc062723c751e8b465ee728b)  -> (artifact id: '4a87dfc6121643476b9a87ec75849c16') in 0.066796 seconds 
========================================================================
Received Import Request.
  Time since last request: 0.000105 seconds.
  path: Assets/VoxelCastle/Prefabs/Shore_1.prefab
  artifactKey: Guid(ced0806bb3a17fd42bfe8fe5f0c2faa9) Importer(815301076,1909f56bfc062723c751e8b465ee728b)
Start importing Assets/VoxelCastle/Prefabs/Shore_1.prefab using Guid(ced0806bb3a17fd42bfe8fe5f0c2faa9) Importer(815301076,1909f56bfc062723c751e8b465ee728b)  -> (artifact id: '401cda33ade8baa9a74ce99879b73611') in 0.057897 seconds 
========================================================================
Received Import Request.
  Time since last request: 0.000082 seconds.
  path: Assets/VoxelCastle/Prefabs/Ram.prefab
  artifactKey: Guid(b940df629b09f434dbb9fd487257db6c) Importer(815301076,1909f56bfc062723c751e8b465ee728b)
Start importing Assets/VoxelCastle/Prefabs/Ram.prefab using Guid(b940df629b09f434dbb9fd487257db6c) Importer(815301076,1909f56bfc062723c751e8b465ee728b)  -> (artifact id: '26b8dea8c9da947fb8d37ada1bc612ab') in 0.061214 seconds 
========================================================================
Received Import Request.
  Time since last request: 0.000059 seconds.
  path: Assets/VoxelCastle/Prefabs/Tower_Standing.prefab
  artifactKey: Guid(7990df5d14c5d674ab9392935d4f6bc2) Importer(815301076,1909f56bfc062723c751e8b465ee728b)
Start importing Assets/VoxelCastle/Prefabs/Tower_Standing.prefab using Guid(7990df5d14c5d674ab9392935d4f6bc2) Importer(815301076,1909f56bfc062723c751e8b465ee728b)  -> (artifact id: '3e520b09b06d0b8b081999e3d4359c6d') in 0.045914 seconds 
========================================================================
Received Import Request.
  Time since last request: 0.000053 seconds.
  path: Assets/VoxelCastle/Prefabs/Wall_Straight.prefab
  artifactKey: Guid(7f7ab251192cf3c4daa485590b0da789) Importer(815301076,1909f56bfc062723c751e8b465ee728b)
Start importing Assets/VoxelCastle/Prefabs/Wall_Straight.prefab using Guid(7f7ab251192cf3c4daa485590b0da789) Importer(815301076,1909f56bfc062723c751e8b465ee728b)  -> (artifact id: 'a195f9c572989936d64735385ce78e1d') in 0.038186 seconds 
========================================================================
Received Import Request.
  Time since last request: 0.000080 seconds.
  path: Assets/VoxelCastle/Prefabs/Wall_Out.prefab
  artifactKey: Guid(3f03f263d000f954a8885a417e678a85) Importer(815301076,1909f56bfc062723c751e8b465ee728b)
Start importing Assets/VoxelCastle/Prefabs/Wall_Out.prefab using Guid(3f03f263d000f954a8885a417e678a85) Importer(815301076,1909f56bfc062723c751e8b465ee728b)  -> (artifact id: 'b2fc5597f68eb963e02f64a6d1104732') in 0.060504 seconds 
========================================================================
Received Import Request.
  Time since last request: 156.980854 seconds.
  path: Assets/VoxelCastle/Models/Road_Corner.obj
  artifactKey: Guid(626410dc07212d749823da2540a223bb) Importer(815301076,1909f56bfc062723c751e8b465ee728b)
Start importing Assets/VoxelCastle/Models/Road_Corner.obj using Guid(626410dc07212d749823da2540a223bb) Importer(815301076,1909f56bfc062723c751e8b465ee728b)  -> (artifact id: 'e2f14cd64cad16e5391b45dd8c470c7d') in 0.257131 seconds 
========================================================================
Received Import Request.
  Time since last request: 0.000052 seconds.
  path: Assets/VoxelCastle/Models/Water_Open.obj
  artifactKey: Guid(a847eae99d42cdf49b01d8ca9f52e595) Importer(815301076,1909f56bfc062723c751e8b465ee728b)
Start importing Assets/VoxelCastle/Models/Water_Open.obj using Guid(a847eae99d42cdf49b01d8ca9f52e595) Importer(815301076,1909f56bfc062723c751e8b465ee728b)  -> (artifact id: 'd8843a6ab1a2088c29c5d97799359447') in 0.074261 seconds 
========================================================================
Received Import Request.
  Time since last request: 0.000070 seconds.
  path: Assets/VoxelCastle/Models/Gate_1.obj
  artifactKey: Guid(ed0d4b88051579a47a065eda53cf9480) Importer(815301076,1909f56bfc062723c751e8b465ee728b)
Start importing Assets/VoxelCastle/Models/Gate_1.obj using Guid(ed0d4b88051579a47a065eda53cf9480) Importer(815301076,1909f56bfc062723c751e8b465ee728b)  -> (artifact id: '55532430dd1d1501b167c245a8ce622b') in 0.082264 seconds 
========================================================================
Received Import Request.
  Time since last request: 0.000045 seconds.
  path: Assets/VoxelCastle/Models/Ram.obj
  artifactKey: Guid(0eaf0955d0035664c87a3d4177a41887) Importer(815301076,1909f56bfc062723c751e8b465ee728b)
Start importing Assets/VoxelCastle/Models/Ram.obj using Guid(0eaf0955d0035664c87a3d4177a41887) Importer(815301076,1909f56bfc062723c751e8b465ee728b)  -> (artifact id: '44ef47eb5db581a30c6f84dce57a2cd0') in 0.086320 seconds 
========================================================================
Received Import Request.
  Time since last request: 0.000046 seconds.
  path: Assets/VoxelCastle/Models/Wall_Straight.obj
  artifactKey: Guid(0c67890f22519734398ef6e81ae7288c) Importer(815301076,1909f56bfc062723c751e8b465ee728b)
Start importing Assets/VoxelCastle/Models/Wall_Straight.obj using Guid(0c67890f22519734398ef6e81ae7288c) Importer(815301076,1909f56bfc062723c751e8b465ee728b)  -> (artifact id: '422da68c8f4dc85eeb05a5368a88d96b') in 0.096250 seconds 
========================================================================
Received Import Request.
  Time since last request: 0.000090 seconds.
  path: Assets/VoxelCastle/Models/Gate_2.obj
  artifactKey: Guid(a592389a4cc504149996122820b6be3d) Importer(815301076,1909f56bfc062723c751e8b465ee728b)
Start importing Assets/VoxelCastle/Models/Gate_2.obj using Guid(a592389a4cc504149996122820b6be3d) Importer(815301076,1909f56bfc062723c751e8b465ee728b)  -> (artifact id: '2dd4cafb0b1374960009085f67aef81c') in 0.076015 seconds 
========================================================================
Received Import Request.
  Time since last request: 0.000058 seconds.
  path: Assets/VoxelCastle/Models/Grass.obj
  artifactKey: Guid(5076ba01f21af0c4daff73ab13dba476) Importer(815301076,1909f56bfc062723c751e8b465ee728b)
Start importing Assets/VoxelCastle/Models/Grass.obj using Guid(5076ba01f21af0c4daff73ab13dba476) Importer(815301076,1909f56bfc062723c751e8b465ee728b)  -> (artifact id: '65e3a5419660686b0dd9b9f713059096') in 0.068288 seconds 
========================================================================
Received Import Request.
  Time since last request: 0.000041 seconds.
  path: Assets/VoxelCastle/Models/Ballisa_Top.obj
  artifactKey: Guid(18cfa8e197c1ff74292ed6ff0cc8b3f7) Importer(815301076,1909f56bfc062723c751e8b465ee728b)
Start importing Assets/VoxelCastle/Models/Ballisa_Top.obj using Guid(18cfa8e197c1ff74292ed6ff0cc8b3f7) Importer(815301076,1909f56bfc062723c751e8b465ee728b)  -> (artifact id: '2958fd5dd59a23fc42427e0867c8ac4d') in 0.078795 seconds 
========================================================================
Received Import Request.
  Time since last request: 0.000062 seconds.
  path: Assets/VoxelCastle/Models/Bolt.obj
  artifactKey: Guid(77a5e84b782c81648b95ce756f4622a0) Importer(815301076,1909f56bfc062723c751e8b465ee728b)
Start importing Assets/VoxelCastle/Models/Bolt.obj using Guid(77a5e84b782c81648b95ce756f4622a0) Importer(815301076,1909f56bfc062723c751e8b465ee728b)  -> (artifact id: '917f13a7413e13cf178f7974cd6cb4c7') in 0.075012 seconds 
========================================================================
Received Import Request.
  Time since last request: 1.838141 seconds.
  path: Assets/VoxelCastle/Prefabs/Gate_2.prefab
  artifactKey: Guid(4c29e4de4a2bbfb4b8b0ef23411b4393) Importer(815301076,1909f56bfc062723c751e8b465ee728b)
Start importing Assets/VoxelCastle/Prefabs/Gate_2.prefab using Guid(4c29e4de4a2bbfb4b8b0ef23411b4393) Importer(815301076,1909f56bfc062723c751e8b465ee728b)  -> (artifact id: '9d0789c224d606de692e79c8d8854af5') in 0.024349 seconds 
========================================================================
Received Import Request.
  Time since last request: 0.940890 seconds.
  path: Assets/VoxelCastle/Prefabs/Gate_2.prefab
  artifactKey: Guid(4c29e4de4a2bbfb4b8b0ef23411b4393) Importer(815301076,1909f56bfc062723c751e8b465ee728b)
Start importing Assets/VoxelCastle/Prefabs/Gate_2.prefab using Guid(4c29e4de4a2bbfb4b8b0ef23411b4393) Importer(815301076,1909f56bfc062723c751e8b465ee728b)  -> (artifact id: '55bc79a2a86dfc1f5ed47f8fb03d77fe') in 0.036766 seconds 
========================================================================
Received Import Request.
  Time since last request: 0.997107 seconds.
  path: Assets/VoxelCastle/Prefabs/Gate_2.prefab
  artifactKey: Guid(4c29e4de4a2bbfb4b8b0ef23411b4393) Importer(815301076,1909f56bfc062723c751e8b465ee728b)
Start importing Assets/VoxelCastle/Prefabs/Gate_2.prefab using Guid(4c29e4de4a2bbfb4b8b0ef23411b4393) Importer(815301076,1909f56bfc062723c751e8b465ee728b)  -> (artifact id: '99267c1baac93353ce05a00c5aed5244') in 0.030440 seconds 
========================================================================
Received Import Request.
  Time since last request: 3.446316 seconds.
  path: Assets/VoxelCastle/Prefabs/Gate_2.prefab
  artifactKey: Guid(4c29e4de4a2bbfb4b8b0ef23411b4393) Importer(815301076,1909f56bfc062723c751e8b465ee728b)
Start importing Assets/VoxelCastle/Prefabs/Gate_2.prefab using Guid(4c29e4de4a2bbfb4b8b0ef23411b4393) Importer(815301076,1909f56bfc062723c751e8b465ee728b)  -> (artifact id: 'ab30c4c3db184fafab7c6aad59e7b932') in 0.040324 seconds 
========================================================================
Received Import Request.
  Time since last request: 3.678490 seconds.
  path: Assets/TextMesh Pro/Fonts/LiberationSans.ttf
  artifactKey: Guid(e3265ab4bf004d28a9537516768c1c75) Importer(815301076,1909f56bfc062723c751e8b465ee728b)
Start importing Assets/TextMesh Pro/Fonts/LiberationSans.ttf using Guid(e3265ab4bf004d28a9537516768c1c75) Importer(815301076,1909f56bfc062723c751e8b465ee728b)  -> (artifact id: 'f3bd036785823e2281556a384dd6489b') in 0.330567 seconds 
========================================================================
Received Import Request.
  Time since last request: 0.000075 seconds.
  path: Assets/TextMesh Pro/Resources/Fonts & Materials/LiberationSans SDF - Outline.mat
  artifactKey: Guid(79459efec17a4d00a321bdcc27bbc385) Importer(815301076,1909f56bfc062723c751e8b465ee728b)
Start importing Assets/TextMesh Pro/Resources/Fonts & Materials/LiberationSans SDF - Outline.mat using Guid(79459efec17a4d00a321bdcc27bbc385) Importer(815301076,1909f56bfc062723c751e8b465ee728b)  -> (artifact id: '8277686e63f3c86bae1c847d810633ef') in 0.373410 seconds 
========================================================================
Received Import Request.
  Time since last request: 0.000061 seconds.
  path: Assets/VoxelCastle/Models/Ballisa_Base.obj
  artifactKey: Guid(af50c4e21f0e9b9419ff00e3c39e7711) Importer(815301076,1909f56bfc062723c751e8b465ee728b)
Start importing Assets/VoxelCastle/Models/Ballisa_Base.obj using Guid(af50c4e21f0e9b9419ff00e3c39e7711) Importer(815301076,1909f56bfc062723c751e8b465ee728b)  -> (artifact id: '41fdb3d8a0d18e34fcae9211363ee77c') in 0.067059 seconds 
========================================================================
Received Import Request.
  Time since last request: 0.000047 seconds.
  path: Assets/TextMesh Pro/Resources/Fonts & Materials/LiberationSans SDF - Fallback.asset
  artifactKey: Guid(2e498d1c8094910479dc3e1b768306a4) Importer(815301076,1909f56bfc062723c751e8b465ee728b)
Start importing Assets/TextMesh Pro/Resources/Fonts & Materials/LiberationSans SDF - Fallback.asset using Guid(2e498d1c8094910479dc3e1b768306a4) Importer(815301076,1909f56bfc062723c751e8b465ee728b)  -> (artifact id: 'c96dfd8e84ddbb72c0104d3b25b429cc') in 0.102163 seconds 
========================================================================
Received Import Request.
  Time since last request: 0.000068 seconds.
  path: Assets/TextMesh Pro/Resources/Fonts & Materials/LiberationSans SDF - Drop Shadow.mat
  artifactKey: Guid(e73a58f6e2794ae7b1b7e50b7fb811b0) Importer(815301076,1909f56bfc062723c751e8b465ee728b)
Start importing Assets/TextMesh Pro/Resources/Fonts & Materials/LiberationSans SDF - Drop Shadow.mat using Guid(e73a58f6e2794ae7b1b7e50b7fb811b0) Importer(815301076,1909f56bfc062723c751e8b465ee728b)  -> (artifact id: '3d8da6b6aa2474639ecb8cd0e87e518d') in 0.227362 seconds 
========================================================================
Received Import Request.
  Time since last request: 0.000071 seconds.
  path: Assets/TextMesh Pro/Resources/Fonts & Materials/LiberationSans SDF.asset
  artifactKey: Guid(8f586378b4e144a9851e7b34d9b748ee) Importer(815301076,1909f56bfc062723c751e8b465ee728b)
Start importing Assets/TextMesh Pro/Resources/Fonts & Materials/LiberationSans SDF.asset using Guid(8f586378b4e144a9851e7b34d9b748ee) Importer(815301076,1909f56bfc062723c751e8b465ee728b)  -> (artifact id: 'd8b538d8c25d0f6e4bd0aae744b7d0aa') in 0.098447 seconds 
========================================================================
Received Import Request.
  Time since last request: 0.000048 seconds.
  path: Assets/VoxelCastle/Models/Tree_Large.obj
  artifactKey: Guid(1c653cfa1a46c7248b5aa77ea7624db8) Importer(815301076,1909f56bfc062723c751e8b465ee728b)
Start importing Assets/VoxelCastle/Models/Tree_Large.obj using Guid(1c653cfa1a46c7248b5aa77ea7624db8) Importer(815301076,1909f56bfc062723c751e8b465ee728b)  -> (artifact id: '0b97601e00f5c92b5486832c09b65c5a') in 0.067267 seconds 
========================================================================
Received Import Request.
  Time since last request: 1.070446 seconds.
  path: Assets/VoxelCastle/Prefabs/Gate_2.prefab
  artifactKey: Guid(4c29e4de4a2bbfb4b8b0ef23411b4393) Importer(815301076,1909f56bfc062723c751e8b465ee728b)
Start importing Assets/VoxelCastle/Prefabs/Gate_2.prefab using Guid(4c29e4de4a2bbfb4b8b0ef23411b4393) Importer(815301076,1909f56bfc062723c751e8b465ee728b)  -> (artifact id: '68c865cf428cf95f9652fa173c78c891') in 0.088437 seconds 
========================================================================
Received Import Request.
  Time since last request: 1.376137 seconds.
  path: Assets/VoxelCastle/Models/Tree_Group.obj
  artifactKey: Guid(15e2400a7e78e4c429ba356f5934ca5a) Importer(815301076,1909f56bfc062723c751e8b465ee728b)
Start importing Assets/VoxelCastle/Models/Tree_Group.obj using Guid(15e2400a7e78e4c429ba356f5934ca5a) Importer(815301076,1909f56bfc062723c751e8b465ee728b)  -> (artifact id: '323860fd7b67ea7dfe12934f8fbe1dd3') in 0.065126 seconds 
========================================================================
Received Import Request.
  Time since last request: 1.089443 seconds.
  path: Assets/VoxelCastle/Prefabs/Gate_2.prefab
  artifactKey: Guid(4c29e4de4a2bbfb4b8b0ef23411b4393) Importer(815301076,1909f56bfc062723c751e8b465ee728b)
Start importing Assets/VoxelCastle/Prefabs/Gate_2.prefab using Guid(4c29e4de4a2bbfb4b8b0ef23411b4393) Importer(815301076,1909f56bfc062723c751e8b465ee728b)  -> (artifact id: '8cde945146bc1d41a6ec46841633e971') in 0.040525 seconds 
========================================================================
Received Import Request.
  Time since last request: 0.361464 seconds.
  path: Assets/VoxelCastle/Prefabs/Gate_2.prefab
  artifactKey: Guid(4c29e4de4a2bbfb4b8b0ef23411b4393) Importer(815301076,1909f56bfc062723c751e8b465ee728b)
Start importing Assets/VoxelCastle/Prefabs/Gate_2.prefab using Guid(4c29e4de4a2bbfb4b8b0ef23411b4393) Importer(815301076,1909f56bfc062723c751e8b465ee728b)  -> (artifact id: '449d375723ce5e48c3cb479afaa487e0') in 0.029083 seconds 
========================================================================
Received Import Request.
  Time since last request: 1.178770 seconds.
  path: Assets/VoxelCastle/Prefabs/Gate_2.prefab
  artifactKey: Guid(4c29e4de4a2bbfb4b8b0ef23411b4393) Importer(815301076,1909f56bfc062723c751e8b465ee728b)
Start importing Assets/VoxelCastle/Prefabs/Gate_2.prefab using Guid(4c29e4de4a2bbfb4b8b0ef23411b4393) Importer(815301076,1909f56bfc062723c751e8b465ee728b)  -> (artifact id: '222eef8ec74bef30ced13993652b0236') in 0.034217 seconds 
========================================================================
Received Import Request.
  Time since last request: 3.396078 seconds.
  path: Assets/VoxelCastle/Prefabs/Gate_2.prefab
  artifactKey: Guid(4c29e4de4a2bbfb4b8b0ef23411b4393) Importer(815301076,1909f56bfc062723c751e8b465ee728b)
Start importing Assets/VoxelCastle/Prefabs/Gate_2.prefab using Guid(4c29e4de4a2bbfb4b8b0ef23411b4393) Importer(815301076,1909f56bfc062723c751e8b465ee728b)  -> (artifact id: '8251e5f9961e196c9f8742cba04fe3c4') in 0.028483 seconds 
========================================================================
Received Import Request.
  Time since last request: 0.529879 seconds.
  path: Assets/VoxelCastle/Prefabs/Gate_2.prefab
  artifactKey: Guid(4c29e4de4a2bbfb4b8b0ef23411b4393) Importer(815301076,1909f56bfc062723c751e8b465ee728b)
Start importing Assets/VoxelCastle/Prefabs/Gate_2.prefab using Guid(4c29e4de4a2bbfb4b8b0ef23411b4393) Importer(815301076,1909f56bfc062723c751e8b465ee728b)  -> (artifact id: '85149edb64b6a428993bfcebe6d76ca9') in 0.029365 seconds 
========================================================================
Received Import Request.
  Time since last request: 0.000061 seconds.
  path: Assets/VoxelCastle/Models/Road_Straight.obj
  artifactKey: Guid(e618ab8e55a3ed942a408f4d1b7f896e) Importer(815301076,1909f56bfc062723c751e8b465ee728b)
Start importing Assets/VoxelCastle/Models/Road_Straight.obj using Guid(e618ab8e55a3ed942a408f4d1b7f896e) Importer(815301076,1909f56bfc062723c751e8b465ee728b)  -> (artifact id: '14e96ea54b941f2bc8c166d19d9610ad') in 0.078930 seconds 
========================================================================
Received Import Request.
  Time since last request: 0.000080 seconds.
  path: Assets/VoxelCastle/Models/Shore_1.obj
  artifactKey: Guid(188ea90cdfe6c634eb85f7a132fcebeb) Importer(815301076,1909f56bfc062723c751e8b465ee728b)
Start importing Assets/VoxelCastle/Models/Shore_1.obj using Guid(188ea90cdfe6c634eb85f7a132fcebeb) Importer(815301076,1909f56bfc062723c751e8b465ee728b)  -> (artifact id: '27ad2efa5ae0d2d7daf58408af40f73f') in 0.078284 seconds 
========================================================================
Received Import Request.
  Time since last request: 0.168624 seconds.
  path: Assets/VoxelCastle/Prefabs/Gate_2.prefab
  artifactKey: Guid(4c29e4de4a2bbfb4b8b0ef23411b4393) Importer(815301076,1909f56bfc062723c751e8b465ee728b)
Start importing Assets/VoxelCastle/Prefabs/Gate_2.prefab using Guid(4c29e4de4a2bbfb4b8b0ef23411b4393) Importer(815301076,1909f56bfc062723c751e8b465ee728b)  -> (artifact id: '51fbf6357db6b9c6f8195d0d976e3445') in 0.029732 seconds 
========================================================================
Received Import Request.
  Time since last request: 0.555780 seconds.
  path: Assets/VoxelCastle/Prefabs/Gate_2.prefab
  artifactKey: Guid(4c29e4de4a2bbfb4b8b0ef23411b4393) Importer(815301076,1909f56bfc062723c751e8b465ee728b)
Start importing Assets/VoxelCastle/Prefabs/Gate_2.prefab using Guid(4c29e4de4a2bbfb4b8b0ef23411b4393) Importer(815301076,1909f56bfc062723c751e8b465ee728b)  -> (artifact id: 'f6e3a2b9b8ef5adc2203b9a99ade1f80') in 0.027023 seconds 
========================================================================
Received Import Request.
  Time since last request: 0.570980 seconds.
  path: Assets/VoxelCastle/Models/Shore_2.obj
  artifactKey: Guid(cdf72d6b092b7d74cbcba07dd2c5aa58) Importer(815301076,1909f56bfc062723c751e8b465ee728b)
Start importing Assets/VoxelCastle/Models/Shore_2.obj using Guid(cdf72d6b092b7d74cbcba07dd2c5aa58) Importer(815301076,1909f56bfc062723c751e8b465ee728b)  -> (artifact id: 'dbf3285a3abd16e5b7e4a3c134e85c2a') in 0.079877 seconds 
========================================================================
Received Import Request.
  Time since last request: 0.000068 seconds.
  path: Assets/VoxelCastle/Models/Shore_3.obj
  artifactKey: Guid(fa1397209d9adee4db5f8a2bba8327f0) Importer(815301076,1909f56bfc062723c751e8b465ee728b)
Start importing Assets/VoxelCastle/Models/Shore_3.obj using Guid(fa1397209d9adee4db5f8a2bba8327f0) Importer(815301076,1909f56bfc062723c751e8b465ee728b)  -> (artifact id: 'c210d2b175e5d44623617ce6a5f82fe3') in 0.057953 seconds 
========================================================================
Received Import Request.
  Time since last request: 0.049452 seconds.
  path: Assets/VoxelCastle/Prefabs/Gate_2.prefab
  artifactKey: Guid(4c29e4de4a2bbfb4b8b0ef23411b4393) Importer(815301076,1909f56bfc062723c751e8b465ee728b)
Start importing Assets/VoxelCastle/Prefabs/Gate_2.prefab using Guid(4c29e4de4a2bbfb4b8b0ef23411b4393) Importer(815301076,1909f56bfc062723c751e8b465ee728b)  -> (artifact id: 'c82d7641d356b2f8880fa8844fd875e3') in 0.030335 seconds 
========================================================================
Received Import Request.
  Time since last request: 0.279340 seconds.
  path: Assets/VoxelCastle/Models/Tower_Left.obj
  artifactKey: Guid(c9744b5c955b75740868d5ebf8b04ae9) Importer(815301076,1909f56bfc062723c751e8b465ee728b)
Start importing Assets/VoxelCastle/Models/Tower_Left.obj using Guid(c9744b5c955b75740868d5ebf8b04ae9) Importer(815301076,1909f56bfc062723c751e8b465ee728b)  -> (artifact id: '61a44e4c73127d193dcaa2b055e54525') in 0.071288 seconds 
========================================================================
Received Import Request.
  Time since last request: 0.000043 seconds.
  path: Assets/VoxelCastle/Models/Tower_Right.obj
  artifactKey: Guid(72a69f2d17306c241a28b11da95f8885) Importer(815301076,1909f56bfc062723c751e8b465ee728b)
Start importing Assets/VoxelCastle/Models/Tower_Right.obj using Guid(72a69f2d17306c241a28b11da95f8885) Importer(815301076,1909f56bfc062723c751e8b465ee728b)  -> (artifact id: '2e21df3c1bad2f14cfdaa5478af8c4e1') in 0.067381 seconds 
========================================================================
Received Import Request.
  Time since last request: 0.971417 seconds.
  path: Assets/VoxelCastle/Prefabs/Gate_2.prefab
  artifactKey: Guid(4c29e4de4a2bbfb4b8b0ef23411b4393) Importer(815301076,1909f56bfc062723c751e8b465ee728b)
Start importing Assets/VoxelCastle/Prefabs/Gate_2.prefab using Guid(4c29e4de4a2bbfb4b8b0ef23411b4393) Importer(815301076,1909f56bfc062723c751e8b465ee728b)  -> (artifact id: '8639f11121c649dc90aeab8e96d5d4c0') in 0.033771 seconds 
========================================================================
Received Import Request.
  Time since last request: 0.887471 seconds.
  path: Assets/VoxelCastle/Prefabs/Gate_2.prefab
  artifactKey: Guid(4c29e4de4a2bbfb4b8b0ef23411b4393) Importer(815301076,1909f56bfc062723c751e8b465ee728b)
Start importing Assets/VoxelCastle/Prefabs/Gate_2.prefab using Guid(4c29e4de4a2bbfb4b8b0ef23411b4393) Importer(815301076,1909f56bfc062723c751e8b465ee728b)  -> (artifact id: 'c875a2c44f54aa5c278693a714498c85') in 0.030789 seconds 
========================================================================
Received Import Request.
  Time since last request: 0.589445 seconds.
  path: Assets/VoxelCastle/Prefabs/Gate_2.prefab
  artifactKey: Guid(4c29e4de4a2bbfb4b8b0ef23411b4393) Importer(815301076,1909f56bfc062723c751e8b465ee728b)
Start importing Assets/VoxelCastle/Prefabs/Gate_2.prefab using Guid(4c29e4de4a2bbfb4b8b0ef23411b4393) Importer(815301076,1909f56bfc062723c751e8b465ee728b)  -> (artifact id: 'ee891f0cd09435803a72cce65a3cbcee') in 0.027488 seconds 
========================================================================
Received Import Request.
  Time since last request: 0.889259 seconds.
  path: Assets/VoxelCastle/Prefabs/Gate_2.prefab
  artifactKey: Guid(4c29e4de4a2bbfb4b8b0ef23411b4393) Importer(815301076,1909f56bfc062723c751e8b465ee728b)
Start importing Assets/VoxelCastle/Prefabs/Gate_2.prefab using Guid(4c29e4de4a2bbfb4b8b0ef23411b4393) Importer(815301076,1909f56bfc062723c751e8b465ee728b)  -> (artifact id: '310e4eb53cf88cfd56b383ec9b7ff66d') in 0.031730 seconds 
========================================================================
Received Import Request.
  Time since last request: 0.449041 seconds.
  path: Assets/VoxelCastle/Prefabs/Gate_2.prefab
  artifactKey: Guid(4c29e4de4a2bbfb4b8b0ef23411b4393) Importer(815301076,1909f56bfc062723c751e8b465ee728b)
Start importing Assets/VoxelCastle/Prefabs/Gate_2.prefab using Guid(4c29e4de4a2bbfb4b8b0ef23411b4393) Importer(815301076,1909f56bfc062723c751e8b465ee728b)  -> (artifact id: '7571f47cfdbd74deeb6946f0aaa0e2b9') in 0.049124 seconds 
========================================================================
Received Import Request.
  Time since last request: 0.530210 seconds.
  path: Assets/VoxelCastle/Models/Tower_Standing.obj
  artifactKey: Guid(b31c61d5adaf91b4499ddac0cc71ff72) Importer(815301076,1909f56bfc062723c751e8b465ee728b)
Start importing Assets/VoxelCastle/Models/Tower_Standing.obj using Guid(b31c61d5adaf91b4499ddac0cc71ff72) Importer(815301076,1909f56bfc062723c751e8b465ee728b)  -> (artifact id: 'cc03c5a71dd7345502482515fccf9e62') in 0.068544 seconds 
========================================================================
Received Import Request.
  Time since last request: 0.000044 seconds.
  path: Assets/VoxelCastle/Models/Tower_Straight.obj
  artifactKey: Guid(e7a14cf0c8f8c7f48b1a463cab3cfba0) Importer(815301076,1909f56bfc062723c751e8b465ee728b)
Start importing Assets/VoxelCastle/Models/Tower_Straight.obj using Guid(e7a14cf0c8f8c7f48b1a463cab3cfba0) Importer(815301076,1909f56bfc062723c751e8b465ee728b)  -> (artifact id: 'b2ee2f5fe2ac813ee7d1a22f1a7f0a7e') in 0.067820 seconds 
========================================================================
Received Import Request.
  Time since last request: 6.241836 seconds.
  path: Assets/VoxelCastle/Prefabs/Gate_2.prefab
  artifactKey: Guid(4c29e4de4a2bbfb4b8b0ef23411b4393) Importer(815301076,1909f56bfc062723c751e8b465ee728b)
Start importing Assets/VoxelCastle/Prefabs/Gate_2.prefab using Guid(4c29e4de4a2bbfb4b8b0ef23411b4393) Importer(815301076,1909f56bfc062723c751e8b465ee728b)  -> (artifact id: '8e72baeee62e7cc1f1a7d25e8d5b7d98') in 0.029065 seconds 
========================================================================
Received Import Request.
  Time since last request: 9.469554 seconds.
  path: Assets/Prefab/Tile.prefab
  artifactKey: Guid(c1628142d9a20a547ae9ca5970dd1ba5) Importer(815301076,1909f56bfc062723c751e8b465ee728b)
Start importing Assets/Prefab/Tile.prefab using Guid(c1628142d9a20a547ae9ca5970dd1ba5) Importer(815301076,1909f56bfc062723c751e8b465ee728b)  -> (artifact id: 'd680e4448c43b07361ee6f86137459f9') in 0.194317 seconds 
========================================================================
Received Import Request.
  Time since last request: 14.680043 seconds.
  path: Assets/Prefab/Tile_Roadstraight.prefab
  artifactKey: Guid(20a4a412e12bc844bae14cc042fa7d24) Importer(815301076,1909f56bfc062723c751e8b465ee728b)
Start importing Assets/Prefab/Tile_Roadstraight.prefab using Guid(20a4a412e12bc844bae14cc042fa7d24) Importer(815301076,1909f56bfc062723c751e8b465ee728b)  -> (artifact id: '7a62cb855ee6fed17d15b609a493cb1b') in 0.105313 seconds 
========================================================================
Received Import Request.
  Time since last request: 24.773304 seconds.
  path: Assets/VoxelCastle/Models/Wall_Out.obj
  artifactKey: Guid(a47cc0e994d04e14684868a64d825a9a) Importer(815301076,1909f56bfc062723c751e8b465ee728b)
Start importing Assets/VoxelCastle/Models/Wall_Out.obj using Guid(a47cc0e994d04e14684868a64d825a9a) Importer(815301076,1909f56bfc062723c751e8b465ee728b)  -> (artifact id: '1b2cf7f4efbf1effd9cb78fa0d0f1924') in 0.062925 seconds 
========================================================================
Received Import Request.
  Time since last request: 0.000168 seconds.
  path: Assets/VoxelCastle/Models/Wall_In.obj
  artifactKey: Guid(e06f55a4e9f0e954d8cfa9474c972880) Importer(815301076,1909f56bfc062723c751e8b465ee728b)
Start importing Assets/VoxelCastle/Models/Wall_In.obj using Guid(e06f55a4e9f0e954d8cfa9474c972880) Importer(815301076,1909f56bfc062723c751e8b465ee728b)  -> (artifact id: 'a0b3b26e510e4b14b3d339d22e8106a8') in 0.070982 seconds 
========================================================================
Received Import Request.
  Time since last request: 3.559260 seconds.
  path: Assets/Prefab/Tile_Roadstraight.prefab
  artifactKey: Guid(20a4a412e12bc844bae14cc042fa7d24) Importer(815301076,1909f56bfc062723c751e8b465ee728b)
Start importing Assets/Prefab/Tile_Roadstraight.prefab using Guid(20a4a412e12bc844bae14cc042fa7d24) Importer(815301076,1909f56bfc062723c751e8b465ee728b)  -> (artifact id: 'e98b3dff8d2aa642e8092fae77b02854') in 0.102566 seconds 
========================================================================
Received Import Request.
  Time since last request: 7.815776 seconds.
  path: Assets/Prefab/Tile_Roadstraight.prefab
  artifactKey: Guid(20a4a412e12bc844bae14cc042fa7d24) Importer(815301076,1909f56bfc062723c751e8b465ee728b)
Start importing Assets/Prefab/Tile_Roadstraight.prefab using Guid(20a4a412e12bc844bae14cc042fa7d24) Importer(815301076,1909f56bfc062723c751e8b465ee728b)  -> (artifact id: '3e8430226ddc219885180b6b15fa2ec9') in 0.213415 seconds 
========================================================================
Received Import Request.
  Time since last request: 4.579310 seconds.
  path: Assets/Prefab/Tile_Roadstraight.prefab
  artifactKey: Guid(20a4a412e12bc844bae14cc042fa7d24) Importer(815301076,1909f56bfc062723c751e8b465ee728b)
Start importing Assets/Prefab/Tile_Roadstraight.prefab using Guid(20a4a412e12bc844bae14cc042fa7d24) Importer(815301076,1909f56bfc062723c751e8b465ee728b)  -> (artifact id: 'ab6998de12ff9991e5dcb40b30cd9619') in 0.102641 seconds 
========================================================================
Received Import Request.
  Time since last request: 4.354784 seconds.
  path: Assets/Prefab/Tile_Roadstraight.prefab
  artifactKey: Guid(20a4a412e12bc844bae14cc042fa7d24) Importer(815301076,1909f56bfc062723c751e8b465ee728b)
Start importing Assets/Prefab/Tile_Roadstraight.prefab using Guid(20a4a412e12bc844bae14cc042fa7d24) Importer(815301076,1909f56bfc062723c751e8b465ee728b)  -> (artifact id: 'f250f498e7a34a899f42e4acbe1ce098') in 0.108828 seconds 
========================================================================
Received Import Request.
  Time since last request: 3.578912 seconds.
  path: Assets/Prefab/Tile_Roadstraight.prefab
  artifactKey: Guid(20a4a412e12bc844bae14cc042fa7d24) Importer(815301076,1909f56bfc062723c751e8b465ee728b)
Start importing Assets/Prefab/Tile_Roadstraight.prefab using Guid(20a4a412e12bc844bae14cc042fa7d24) Importer(815301076,1909f56bfc062723c751e8b465ee728b)  -> (artifact id: '9810fe8bf540a1d5292f040afea63acf') in 0.091022 seconds 
========================================================================
Received Import Request.
  Time since last request: 14.014168 seconds.
  path: Assets/Prefab/Tile_Roadstraight.prefab
  artifactKey: Guid(20a4a412e12bc844bae14cc042fa7d24) Importer(815301076,1909f56bfc062723c751e8b465ee728b)
Start importing Assets/Prefab/Tile_Roadstraight.prefab using Guid(20a4a412e12bc844bae14cc042fa7d24) Importer(815301076,1909f56bfc062723c751e8b465ee728b)  -> (artifact id: '3a579a5f284663dbe4af19dea876747c') in 0.143033 seconds 
========================================================================
Received Import Request.
  Time since last request: 24.280392 seconds.
  path: Assets/Prefab/Tile_Roadstraight.prefab
  artifactKey: Guid(20a4a412e12bc844bae14cc042fa7d24) Importer(815301076,1909f56bfc062723c751e8b465ee728b)
Start importing Assets/Prefab/Tile_Roadstraight.prefab using Guid(20a4a412e12bc844bae14cc042fa7d24) Importer(815301076,1909f56bfc062723c751e8b465ee728b)  -> (artifact id: '64cc5a0614cd14a13bddec49b9fb079a') in 0.107694 seconds 
========================================================================
Received Import Request.
  Time since last request: 150.265331 seconds.
  path: Assets/Prefab/Tile_Roadstraight90.prefab
  artifactKey: Guid(15297a81ded50d04fa44ead95d02bdf3) Importer(815301076,1909f56bfc062723c751e8b465ee728b)
Start importing Assets/Prefab/Tile_Roadstraight90.prefab using Guid(15297a81ded50d04fa44ead95d02bdf3) Importer(815301076,1909f56bfc062723c751e8b465ee728b)  -> (artifact id: 'b8259f5dcada26a8c3aa09b9087115b6') in 0.091035 seconds 
========================================================================
Received Import Request.
  Time since last request: 7.332144 seconds.
  path: Assets/Prefab/Tile_Roadstraight90.prefab
  artifactKey: Guid(15297a81ded50d04fa44ead95d02bdf3) Importer(815301076,1909f56bfc062723c751e8b465ee728b)
Start importing Assets/Prefab/Tile_Roadstraight90.prefab using Guid(15297a81ded50d04fa44ead95d02bdf3) Importer(815301076,1909f56bfc062723c751e8b465ee728b)  -> (artifact id: '7c88e035211293611ef2acf258c53d88') in 0.077375 seconds 
========================================================================
Received Import Request.
  Time since last request: 15.088855 seconds.
  path: Assets/Prefab/Tile_RoadCorner.prefab
  artifactKey: Guid(3887e938269303740834f4df5020b8a0) Importer(815301076,1909f56bfc062723c751e8b465ee728b)
Start importing Assets/Prefab/Tile_RoadCorner.prefab using Guid(3887e938269303740834f4df5020b8a0) Importer(815301076,1909f56bfc062723c751e8b465ee728b)  -> (artifact id: '3a1f8c2142d98c7615f79c6faeca4b51') in 0.090241 seconds 
========================================================================
Received Import Request.
  Time since last request: 11.032300 seconds.
  path: Assets/Prefab/Tile_Roadcorner.prefab
  artifactKey: Guid(3887e938269303740834f4df5020b8a0) Importer(815301076,1909f56bfc062723c751e8b465ee728b)
Start importing Assets/Prefab/Tile_Roadcorner.prefab using Guid(3887e938269303740834f4df5020b8a0) Importer(815301076,1909f56bfc062723c751e8b465ee728b)  -> (artifact id: '7c34a038b4984a3250e0ca6ce59e8d61') in 0.107459 seconds 
