Using pre-set license
Built from '2021.3/release' branch; Version is '2021.3.17f1 (3e8111cac19d) revision 4096273'; Using compiler version '192829333'; Build Type 'Release'
OS: 'Windows 10  (10.0.19045) 64bit Professional' Language: 'en' Physical Memory: 7116 MB
BatchMode: 1, IsHumanControllingUs: 0, StartBugReporterOnCrash: 0, Is64bit: 1, IsPro: 1

COMMAND LINE ARGUMENTS:
C:\Program Files\Unity 2021.3.17f1\Editor\Unity.exe
-adb2
-batchMode
-noUpm
-name
AssetImportWorker0
-projectPath
E:/Ngoding/Game Unity/Realm defense
-logFile
Logs/AssetImportWorker0.log
-srvPort
54979
Successfully changed project path to: E:/Ngoding/Game Unity/Realm defense
E:/Ngoding/Game Unity/Realm defense
[UnityMemory] Configuration Parameters - Can be set up in boot.config
    "memorysetup-bucket-allocator-granularity=16"
    "memorysetup-bucket-allocator-bucket-count=8"
    "memorysetup-bucket-allocator-block-size=33554432"
    "memorysetup-bucket-allocator-block-count=8"
    "memorysetup-main-allocator-block-size=16777216"
    "memorysetup-thread-allocator-block-size=16777216"
    "memorysetup-gfx-main-allocator-block-size=16777216"
    "memorysetup-gfx-thread-allocator-block-size=16777216"
    "memorysetup-cache-allocator-block-size=4194304"
    "memorysetup-typetree-allocator-block-size=2097152"
    "memorysetup-profiler-bucket-allocator-granularity=16"
    "memorysetup-profiler-bucket-allocator-bucket-count=8"
    "memorysetup-profiler-bucket-allocator-block-size=33554432"
    "memorysetup-profiler-bucket-allocator-block-count=8"
    "memorysetup-profiler-allocator-block-size=16777216"
    "memorysetup-profiler-editor-allocator-block-size=1048576"
    "memorysetup-temp-allocator-size-main=16777216"
    "memorysetup-job-temp-allocator-block-size=2097152"
    "memorysetup-job-temp-allocator-block-size-background=1048576"
    "memorysetup-job-temp-allocator-reduction-small-platforms=262144"
    "memorysetup-temp-allocator-size-background-worker=32768"
    "memorysetup-temp-allocator-size-job-worker=262144"
    "memorysetup-temp-allocator-size-preload-manager=33554432"
    "memorysetup-temp-allocator-size-nav-mesh-worker=65536"
    "memorysetup-temp-allocator-size-audio-worker=65536"
    "memorysetup-temp-allocator-size-cloud-worker=32768"
    "memorysetup-temp-allocator-size-gi-baking-worker=262144"
    "memorysetup-temp-allocator-size-gfx=262144"
Player connection [17048] Host "[IP] 192.168.56.1 [Port] 0 [Flags] 2 [Guid] 511622034 [EditorId] 511622034 [Version] 1048832 [Id] WindowsEditor(7,DESKTOP-U1T5UQB) [Debug] 1 [PackageName] WindowsEditor [ProjectName] Editor" joined multi-casting on [225.0.0.222:54997]...

Player connection [17048] Host "[IP] 192.168.56.1 [Port] 0 [Flags] 2 [Guid] 511622034 [EditorId] 511622034 [Version] 1048832 [Id] WindowsEditor(7,DESKTOP-U1T5UQB) [Debug] 1 [PackageName] WindowsEditor [ProjectName] Editor" joined alternative multi-casting on [225.0.0.222:34997]...

Refreshing native plugins compatible for Editor in 222.78 ms, found 3 plugins.
Preloading 0 native plugins for Editor in 0.00 ms.
Initialize engine version: 2021.3.17f1 (3e8111cac19d)
[Subsystems] Discovering subsystems at path C:/Program Files/Unity 2021.3.17f1/Editor/Data/Resources/UnitySubsystems
[Subsystems] Discovering subsystems at path E:/Ngoding/Game Unity/Realm defense/Assets
GfxDevice: creating device client; threaded=0; jobified=0
Direct3D:
    Version:  Direct3D 11.0 [level 11.1]
    Renderer: Radeon RX 560 Series (ID=0x67ff)
    Vendor:   ATI
    VRAM:     4074 MB
    Driver:   31.0.12027.9001
Initialize mono
Mono path[0] = 'C:/Program Files/Unity 2021.3.17f1/Editor/Data/Managed'
Mono path[1] = 'C:/Program Files/Unity 2021.3.17f1/Editor/Data/MonoBleedingEdge/lib/mono/unityjit-win32'
Mono config path = 'C:/Program Files/Unity 2021.3.17f1/Editor/Data/MonoBleedingEdge/etc'
Using monoOptions --debugger-agent=transport=dt_socket,embedding=1,server=y,suspend=n,address=127.0.0.1:56832
Begin MonoManager ReloadAssembly
Registering precompiled unity dll's ...
Register platform support module: C:/Program Files/Unity 2021.3.17f1/Editor/Data/PlaybackEngines/WindowsStandaloneSupport/UnityEditor.WindowsStandalone.Extensions.dll
Registered in 0.016730 seconds.
Native extension for WindowsStandalone target not found
Refreshing native plugins compatible for Editor in 301.17 ms, found 3 plugins.
Preloading 0 native plugins for Editor in 0.00 ms.
Mono: successfully reloaded assembly
- Completed reload, in  2.836 seconds
Domain Reload Profiling:
	ReloadAssembly (2838ms)
		BeginReloadAssembly (284ms)
			ExecutionOrderSort (0ms)
			DisableScriptedObjects (0ms)
			BackupInstance (0ms)
			ReleaseScriptingObjects (0ms)
			CreateAndSetChildDomain (2ms)
		EndReloadAssembly (2177ms)
			LoadAssemblies (275ms)
			RebuildTransferFunctionScriptingTraits (0ms)
			SetupTypeCache (473ms)
			ReleaseScriptCaches (0ms)
			RebuildScriptCaches (148ms)
			SetupLoadedEditorAssemblies (1341ms)
				LogAssemblyErrors (0ms)
				InitializePlatformSupportModulesInManaged (37ms)
				SetLoadedEditorAssemblies (1ms)
				RefreshPlugins (301ms)
				BeforeProcessingInitializeOnLoad (3ms)
				ProcessInitializeOnLoadAttributes (761ms)
				ProcessInitializeOnLoadMethodAttributes (237ms)
				AfterProcessingInitializeOnLoad (0ms)
				EditorAssembliesLoaded (0ms)
			ExecutionOrderSort2 (0ms)
			AwakeInstancesAfterBackupRestoration (0ms)
Platform modules already initialized, skipping
Registering precompiled user dll's ...
Registered in 0.021977 seconds.
Begin MonoManager ReloadAssembly
Symbol file LoadedFromMemory doesn't match image E:\Ngoding\Game Unity\Realm defense\Library\PackageCache\com.unity.visualscripting@1.8.0\Editor\VisualScripting.Core\Dependencies\YamlDotNet\Unity.VisualScripting.YamlDotNet.dll
Symbol file LoadedFromMemory doesn't match image E:\Ngoding\Game Unity\Realm defense\Library\PackageCache\com.unity.visualscripting@1.8.0\Editor\VisualScripting.Core\Dependencies\DotNetZip\Unity.VisualScripting.IonicZip.dll
Native extension for WindowsStandalone target not found
Refreshing native plugins compatible for Editor in 2.89 ms, found 3 plugins.
Preloading 0 native plugins for Editor in 0.00 ms.
Mono: successfully reloaded assembly
- Completed reload, in  4.542 seconds
Domain Reload Profiling:
	ReloadAssembly (4547ms)
		BeginReloadAssembly (401ms)
			ExecutionOrderSort (0ms)
			DisableScriptedObjects (22ms)
			BackupInstance (0ms)
			ReleaseScriptingObjects (0ms)
			CreateAndSetChildDomain (59ms)
		EndReloadAssembly (3815ms)
			LoadAssemblies (336ms)
			RebuildTransferFunctionScriptingTraits (0ms)
			SetupTypeCache (1173ms)
			ReleaseScriptCaches (1ms)
			RebuildScriptCaches (163ms)
			SetupLoadedEditorAssemblies (1975ms)
				LogAssemblyErrors (0ms)
				InitializePlatformSupportModulesInManaged (48ms)
				SetLoadedEditorAssemblies (1ms)
				RefreshPlugins (3ms)
				BeforeProcessingInitializeOnLoad (282ms)
				ProcessInitializeOnLoadAttributes (1436ms)
				ProcessInitializeOnLoadMethodAttributes (159ms)
				AfterProcessingInitializeOnLoad (43ms)
				EditorAssembliesLoaded (2ms)
			ExecutionOrderSort2 (0ms)
			AwakeInstancesAfterBackupRestoration (22ms)
Platform modules already initialized, skipping
========================================================================
Worker process is ready to serve import requests
Launched and connected shader compiler UnityShaderCompiler.exe after 0.13 seconds
Refreshing native plugins compatible for Editor in 1.34 ms, found 3 plugins.
Preloading 0 native plugins for Editor in 0.00 ms.
Unloading 3399 Unused Serialized files (Serialized files now loaded: 0)
Unloading 27 unused Assets / (113.6 KB). Loaded Objects now: 3857.
Memory consumption went from 118.7 MB to 118.6 MB.
Total: 7.752200 ms (FindLiveObjects: 0.550700 ms CreateObjectMapping: 0.358400 ms MarkObjects: 6.552400 ms  DeleteObjects: 0.287700 ms)

AssetImportParameters requested are different than current active one (requested -> active):
  custom:video-decoder-ogg-theora: a1e56fd34408186e4bbccfd4996cb3dc -> 
  custom:container-muxer-webm: aa71ff27fc2769a1b78a27578f13a17b -> 
  custom:container-demuxer-webm: 4f35f7cbe854078d1ac9338744f61a02 -> 
  custom:video-encoder-webm-vp8: eb34c28f22e8b96e1ab97ce403110664 -> 
  custom:audio-encoder-webm-vorbis: bf7c407c2cedff20999df2af8eb42d56 -> 
  custom:framework-win-MediaFoundation: 216162199b28c13a410421893ffa2e32 -> 
  custom:container-demuxer-ogg: 62fdf1f143b41e24485cea50d1cbac27 -> 
  custom:video-decoder-webm-vp8: 9c59270c3fd7afecdb556c50c9e8de78 -> 
  custom:audio-decoder-ogg-vorbis: bf7c407c2cedff20999df2af8eb42d56 -> 
========================================================================
Received Import Request.
  Time since last request: 1614989.687944 seconds.
  path: Assets/Prefab/Tower/Particle System.prefab
  artifactKey: Guid(2669c892ea3a5874f982bd30f5584469) Importer(815301076,1909f56bfc062723c751e8b465ee728b)
Start importing Assets/Prefab/Tower/Particle System.prefab using Guid(2669c892ea3a5874f982bd30f5584469) Importer(815301076,1909f56bfc062723c751e8b465ee728b)  -> (artifact id: '3a344d3b1870747c56c09313811f8518') in 0.316521 seconds 
========================================================================
Received Import Request.
  Time since last request: 0.000063 seconds.
  path: Assets/Prefab/Tower/Ballista.prefab
  artifactKey: Guid(93407faaca4ccbf479241090193760a2) Importer(815301076,1909f56bfc062723c751e8b465ee728b)
Start importing Assets/Prefab/Tower/Ballista.prefab using Guid(93407faaca4ccbf479241090193760a2) Importer(815301076,1909f56bfc062723c751e8b465ee728b)  -> (artifact id: 'cce724874c726b8403d015da3bad2462') in 0.068746 seconds 
========================================================================
Received Import Request.
  Time since last request: 3.100508 seconds.
  path: Assets/Prefab/Tower/Ballista.prefab
  artifactKey: Guid(93407faaca4ccbf479241090193760a2) Importer(815301076,1909f56bfc062723c751e8b465ee728b)
Start importing Assets/Prefab/Tower/Ballista.prefab using Guid(93407faaca4ccbf479241090193760a2) Importer(815301076,1909f56bfc062723c751e8b465ee728b)  -> (artifact id: 'c333d7a630ded559c8ce0017fb4935dd') in 0.044131 seconds 
========================================================================
Received Import Request.
  Time since last request: 7.684400 seconds.
  path: Assets/Prefab/Tower/Ballista.prefab
  artifactKey: Guid(93407faaca4ccbf479241090193760a2) Importer(815301076,1909f56bfc062723c751e8b465ee728b)
Start importing Assets/Prefab/Tower/Ballista.prefab using Guid(93407faaca4ccbf479241090193760a2) Importer(815301076,1909f56bfc062723c751e8b465ee728b)  -> (artifact id: '852c453cda5f6d2795086ed171be3a05') in 0.053377 seconds 
========================================================================
Received Prepare
Registering precompiled user dll's ...
Registered in 0.016847 seconds.
Begin MonoManager ReloadAssembly
Symbol file LoadedFromMemory doesn't match image E:\Ngoding\Game Unity\Realm defense\Library\PackageCache\com.unity.visualscripting@1.8.0\Editor\VisualScripting.Core\Dependencies\YamlDotNet\Unity.VisualScripting.YamlDotNet.dll
Symbol file LoadedFromMemory doesn't match image E:\Ngoding\Game Unity\Realm defense\Library\PackageCache\com.unity.visualscripting@1.8.0\Editor\VisualScripting.Core\Dependencies\DotNetZip\Unity.VisualScripting.IonicZip.dll
Native extension for WindowsStandalone target not found
Refreshing native plugins compatible for Editor in 1.80 ms, found 3 plugins.
Preloading 0 native plugins for Editor in 0.00 ms.
Mono: successfully reloaded assembly
- Completed reload, in  5.377 seconds
Domain Reload Profiling:
	ReloadAssembly (5380ms)
		BeginReloadAssembly (520ms)
			ExecutionOrderSort (0ms)
			DisableScriptedObjects (19ms)
			BackupInstance (0ms)
			ReleaseScriptingObjects (0ms)
			CreateAndSetChildDomain (136ms)
		EndReloadAssembly (4390ms)
			LoadAssemblies (399ms)
			RebuildTransferFunctionScriptingTraits (0ms)
			SetupTypeCache (1458ms)
			ReleaseScriptCaches (4ms)
			RebuildScriptCaches (239ms)
			SetupLoadedEditorAssemblies (2010ms)
				LogAssemblyErrors (0ms)
				InitializePlatformSupportModulesInManaged (70ms)
				SetLoadedEditorAssemblies (2ms)
				RefreshPlugins (2ms)
				BeforeProcessingInitializeOnLoad (317ms)
				ProcessInitializeOnLoadAttributes (1409ms)
				ProcessInitializeOnLoadMethodAttributes (156ms)
				AfterProcessingInitializeOnLoad (54ms)
				EditorAssembliesLoaded (1ms)
			ExecutionOrderSort2 (0ms)
			AwakeInstancesAfterBackupRestoration (34ms)
Platform modules already initialized, skipping
Refreshing native plugins compatible for Editor in 4.85 ms, found 3 plugins.
Preloading 0 native plugins for Editor in 0.00 ms.
Unloading 3381 Unused Serialized files (Serialized files now loaded: 0)
Unloading 20 unused Assets / (79.9 KB). Loaded Objects now: 3868.
Memory consumption went from 121.7 MB to 121.6 MB.
Total: 7.653400 ms (FindLiveObjects: 0.609200 ms CreateObjectMapping: 0.585100 ms MarkObjects: 5.854700 ms  DeleteObjects: 0.599600 ms)

AssetImportParameters requested are different than current active one (requested -> active):
  custom:video-decoder-ogg-theora: a1e56fd34408186e4bbccfd4996cb3dc -> 
  custom:container-muxer-webm: aa71ff27fc2769a1b78a27578f13a17b -> 
  custom:container-demuxer-webm: 4f35f7cbe854078d1ac9338744f61a02 -> 
  custom:video-encoder-webm-vp8: eb34c28f22e8b96e1ab97ce403110664 -> 
  custom:audio-encoder-webm-vorbis: bf7c407c2cedff20999df2af8eb42d56 -> 
  custom:framework-win-MediaFoundation: 216162199b28c13a410421893ffa2e32 -> 
  custom:container-demuxer-ogg: 62fdf1f143b41e24485cea50d1cbac27 -> 
  custom:video-decoder-webm-vp8: 9c59270c3fd7afecdb556c50c9e8de78 -> 
  custom:audio-decoder-ogg-vorbis: bf7c407c2cedff20999df2af8eb42d56 -> 
========================================================================
Received Import Request.
  Time since last request: 227.731967 seconds.
  path: Assets/Prefab/Tower/Ballista.prefab
  artifactKey: Guid(93407faaca4ccbf479241090193760a2) Importer(815301076,1909f56bfc062723c751e8b465ee728b)
Start importing Assets/Prefab/Tower/Ballista.prefab using Guid(93407faaca4ccbf479241090193760a2) Importer(815301076,1909f56bfc062723c751e8b465ee728b)  -> (artifact id: '852c453cda5f6d2795086ed171be3a05') in 0.297816 seconds 
========================================================================
Received Import Request.
  Time since last request: 0.000085 seconds.
  path: Assets/Prefab/Tower/Particle System.prefab
  artifactKey: Guid(2669c892ea3a5874f982bd30f5584469) Importer(815301076,1909f56bfc062723c751e8b465ee728b)
Start importing Assets/Prefab/Tower/Particle System.prefab using Guid(2669c892ea3a5874f982bd30f5584469) Importer(815301076,1909f56bfc062723c751e8b465ee728b)  -> (artifact id: '328f80831ddab925595aa873d0b0c13d') in 0.035870 seconds 
========================================================================
Received Import Request.
  Time since last request: 44.179237 seconds.
  path: Assets/Prefab/Tower/Ballista.prefab
  artifactKey: Guid(93407faaca4ccbf479241090193760a2) Importer(815301076,1909f56bfc062723c751e8b465ee728b)
Start importing Assets/Prefab/Tower/Ballista.prefab using Guid(93407faaca4ccbf479241090193760a2) Importer(815301076,1909f56bfc062723c751e8b465ee728b)  -> (artifact id: 'df8c54f570b94db7df6604afa3e79be0') in 0.095321 seconds 
========================================================================
Received Import Request.
  Time since last request: 0.000105 seconds.
  path: Assets/Prefab/Tower/Particle System.prefab
  artifactKey: Guid(2669c892ea3a5874f982bd30f5584469) Importer(815301076,1909f56bfc062723c751e8b465ee728b)
Start importing Assets/Prefab/Tower/Particle System.prefab using Guid(2669c892ea3a5874f982bd30f5584469) Importer(815301076,1909f56bfc062723c751e8b465ee728b)  -> (artifact id: 'd485488540300cc779c0f6e68c2141e0') in 0.056444 seconds 
========================================================================
Received Import Request.
  Time since last request: 3.752670 seconds.
  path: Assets/Prefab/Tower/Ballista.prefab
  artifactKey: Guid(93407faaca4ccbf479241090193760a2) Importer(815301076,1909f56bfc062723c751e8b465ee728b)
Start importing Assets/Prefab/Tower/Ballista.prefab using Guid(93407faaca4ccbf479241090193760a2) Importer(815301076,1909f56bfc062723c751e8b465ee728b)  -> (artifact id: '846a67a2a146b93dd85db4a228691db9') in 0.059502 seconds 
========================================================================
Received Import Request.
  Time since last request: 298.916150 seconds.
  path: Assets/Prefab/Tower/Ballista.prefab
  artifactKey: Guid(93407faaca4ccbf479241090193760a2) Importer(815301076,1909f56bfc062723c751e8b465ee728b)
Start importing Assets/Prefab/Tower/Ballista.prefab using Guid(93407faaca4ccbf479241090193760a2) Importer(815301076,1909f56bfc062723c751e8b465ee728b)  -> (artifact id: '188af17e5dfa1475fcfb903816cc7806') in 0.066872 seconds 
========================================================================
Received Import Request.
  Time since last request: 3.548545 seconds.
  path: Assets/Prefab/Tower/Ballista.prefab
  artifactKey: Guid(93407faaca4ccbf479241090193760a2) Importer(815301076,1909f56bfc062723c751e8b465ee728b)
Start importing Assets/Prefab/Tower/Ballista.prefab using Guid(93407faaca4ccbf479241090193760a2) Importer(815301076,1909f56bfc062723c751e8b465ee728b)  -> (artifact id: '16d71b8fc9a3d2db9b25797d5b8e6f4d') in 0.070593 seconds 
========================================================================
Received Import Request.
  Time since last request: 2.058674 seconds.
  path: Assets/Prefab/Tower/Ballista.prefab
  artifactKey: Guid(93407faaca4ccbf479241090193760a2) Importer(815301076,1909f56bfc062723c751e8b465ee728b)
Start importing Assets/Prefab/Tower/Ballista.prefab using Guid(93407faaca4ccbf479241090193760a2) Importer(815301076,1909f56bfc062723c751e8b465ee728b)  -> (artifact id: '9d158a22ebcd3c5083b617e9cbcfca36') in 0.080424 seconds 
========================================================================
Received Prepare
Registering precompiled user dll's ...
Registered in 0.011328 seconds.
Begin MonoManager ReloadAssembly
Symbol file LoadedFromMemory doesn't match image E:\Ngoding\Game Unity\Realm defense\Library\PackageCache\com.unity.visualscripting@1.8.0\Editor\VisualScripting.Core\Dependencies\YamlDotNet\Unity.VisualScripting.YamlDotNet.dll
Symbol file LoadedFromMemory doesn't match image E:\Ngoding\Game Unity\Realm defense\Library\PackageCache\com.unity.visualscripting@1.8.0\Editor\VisualScripting.Core\Dependencies\DotNetZip\Unity.VisualScripting.IonicZip.dll
Native extension for WindowsStandalone target not found
Refreshing native plugins compatible for Editor in 2.18 ms, found 3 plugins.
Preloading 0 native plugins for Editor in 0.00 ms.
Mono: successfully reloaded assembly
- Completed reload, in  5.630 seconds
Domain Reload Profiling:
	ReloadAssembly (5633ms)
		BeginReloadAssembly (489ms)
			ExecutionOrderSort (0ms)
			DisableScriptedObjects (15ms)
			BackupInstance (0ms)
			ReleaseScriptingObjects (0ms)
			CreateAndSetChildDomain (117ms)
		EndReloadAssembly (4777ms)
			LoadAssemblies (395ms)
			RebuildTransferFunctionScriptingTraits (0ms)
			SetupTypeCache (1892ms)
			ReleaseScriptCaches (4ms)
			RebuildScriptCaches (225ms)
			SetupLoadedEditorAssemblies (1963ms)
				LogAssemblyErrors (0ms)
				InitializePlatformSupportModulesInManaged (74ms)
				SetLoadedEditorAssemblies (2ms)
				RefreshPlugins (3ms)
				BeforeProcessingInitializeOnLoad (321ms)
				ProcessInitializeOnLoadAttributes (1368ms)
				ProcessInitializeOnLoadMethodAttributes (153ms)
				AfterProcessingInitializeOnLoad (42ms)
				EditorAssembliesLoaded (1ms)
			ExecutionOrderSort2 (0ms)
			AwakeInstancesAfterBackupRestoration (32ms)
Platform modules already initialized, skipping
Refreshing native plugins compatible for Editor in 9.24 ms, found 3 plugins.
Preloading 0 native plugins for Editor in 0.00 ms.
Unloading 3381 Unused Serialized files (Serialized files now loaded: 0)
Unloading 20 unused Assets / (80.1 KB). Loaded Objects now: 3871.
Memory consumption went from 121.7 MB to 121.7 MB.
Total: 13.761600 ms (FindLiveObjects: 0.996600 ms CreateObjectMapping: 0.928800 ms MarkObjects: 11.223300 ms  DeleteObjects: 0.609300 ms)

AssetImportParameters requested are different than current active one (requested -> active):
  custom:video-decoder-ogg-theora: a1e56fd34408186e4bbccfd4996cb3dc -> 
  custom:container-muxer-webm: aa71ff27fc2769a1b78a27578f13a17b -> 
  custom:container-demuxer-webm: 4f35f7cbe854078d1ac9338744f61a02 -> 
  custom:video-encoder-webm-vp8: eb34c28f22e8b96e1ab97ce403110664 -> 
  custom:audio-encoder-webm-vorbis: bf7c407c2cedff20999df2af8eb42d56 -> 
  custom:framework-win-MediaFoundation: 216162199b28c13a410421893ffa2e32 -> 
  custom:container-demuxer-ogg: 62fdf1f143b41e24485cea50d1cbac27 -> 
  custom:video-decoder-webm-vp8: 9c59270c3fd7afecdb556c50c9e8de78 -> 
  custom:audio-decoder-ogg-vorbis: bf7c407c2cedff20999df2af8eb42d56 -> 
========================================================================
Received Import Request.
  Time since last request: 193.446279 seconds.
  path: Assets/Prefab/Tower/Ballista.prefab
  artifactKey: Guid(93407faaca4ccbf479241090193760a2) Importer(815301076,1909f56bfc062723c751e8b465ee728b)
Start importing Assets/Prefab/Tower/Ballista.prefab using Guid(93407faaca4ccbf479241090193760a2) Importer(815301076,1909f56bfc062723c751e8b465ee728b)  -> (artifact id: 'f5bb4d188cf9b4a706b5dcf2fca3e9d7') in 0.378662 seconds 
========================================================================
Received Import Request.
  Time since last request: 1.134053 seconds.
  path: Assets/Prefab/Tower/Ballista.prefab
  artifactKey: Guid(93407faaca4ccbf479241090193760a2) Importer(815301076,1909f56bfc062723c751e8b465ee728b)
Start importing Assets/Prefab/Tower/Ballista.prefab using Guid(93407faaca4ccbf479241090193760a2) Importer(815301076,1909f56bfc062723c751e8b465ee728b)  -> (artifact id: '2f7e7c757498941d1d86fad7ec5f8f76') in 0.083395 seconds 
========================================================================
Received Import Request.
  Time since last request: 1.505004 seconds.
  path: Assets/Prefab/Tower/Ballista.prefab
  artifactKey: Guid(93407faaca4ccbf479241090193760a2) Importer(815301076,1909f56bfc062723c751e8b465ee728b)
Start importing Assets/Prefab/Tower/Ballista.prefab using Guid(93407faaca4ccbf479241090193760a2) Importer(815301076,1909f56bfc062723c751e8b465ee728b)  -> (artifact id: '702d308f39482313f641388788a5b09b') in 0.060850 seconds 
========================================================================
Received Prepare
Registering precompiled user dll's ...
Registered in 0.021517 seconds.
Begin MonoManager ReloadAssembly
Symbol file LoadedFromMemory doesn't match image E:\Ngoding\Game Unity\Realm defense\Library\PackageCache\com.unity.visualscripting@1.8.0\Editor\VisualScripting.Core\Dependencies\YamlDotNet\Unity.VisualScripting.YamlDotNet.dll
Symbol file LoadedFromMemory doesn't match image E:\Ngoding\Game Unity\Realm defense\Library\PackageCache\com.unity.visualscripting@1.8.0\Editor\VisualScripting.Core\Dependencies\DotNetZip\Unity.VisualScripting.IonicZip.dll
Native extension for WindowsStandalone target not found
Refreshing native plugins compatible for Editor in 7.81 ms, found 3 plugins.
Preloading 0 native plugins for Editor in 0.00 ms.
Mono: successfully reloaded assembly
- Completed reload, in  8.769 seconds
Domain Reload Profiling:
	ReloadAssembly (8774ms)
		BeginReloadAssembly (831ms)
			ExecutionOrderSort (0ms)
			DisableScriptedObjects (33ms)
			BackupInstance (0ms)
			ReleaseScriptingObjects (0ms)
			CreateAndSetChildDomain (140ms)
		EndReloadAssembly (7200ms)
			LoadAssemblies (669ms)
			RebuildTransferFunctionScriptingTraits (0ms)
			SetupTypeCache (1797ms)
			ReleaseScriptCaches (6ms)
			RebuildScriptCaches (474ms)
			SetupLoadedEditorAssemblies (3720ms)
				LogAssemblyErrors (0ms)
				InitializePlatformSupportModulesInManaged (159ms)
				SetLoadedEditorAssemblies (3ms)
				RefreshPlugins (9ms)
				BeforeProcessingInitializeOnLoad (640ms)
				ProcessInitializeOnLoadAttributes (2503ms)
				ProcessInitializeOnLoadMethodAttributes (303ms)
				AfterProcessingInitializeOnLoad (100ms)
				EditorAssembliesLoaded (4ms)
			ExecutionOrderSort2 (0ms)
			AwakeInstancesAfterBackupRestoration (76ms)
Platform modules already initialized, skipping
Refreshing native plugins compatible for Editor in 8.79 ms, found 3 plugins.
Preloading 0 native plugins for Editor in 0.00 ms.
Unloading 3381 Unused Serialized files (Serialized files now loaded: 0)
Unloading 20 unused Assets / (80.0 KB). Loaded Objects now: 3874.
Memory consumption went from 121.7 MB to 121.7 MB.
Total: 12.527000 ms (FindLiveObjects: 1.629000 ms CreateObjectMapping: 0.650400 ms MarkObjects: 9.959500 ms  DeleteObjects: 0.285300 ms)

AssetImportParameters requested are different than current active one (requested -> active):
  custom:video-decoder-ogg-theora: a1e56fd34408186e4bbccfd4996cb3dc -> 
  custom:container-muxer-webm: aa71ff27fc2769a1b78a27578f13a17b -> 
  custom:container-demuxer-webm: 4f35f7cbe854078d1ac9338744f61a02 -> 
  custom:video-encoder-webm-vp8: eb34c28f22e8b96e1ab97ce403110664 -> 
  custom:audio-encoder-webm-vorbis: bf7c407c2cedff20999df2af8eb42d56 -> 
  custom:framework-win-MediaFoundation: 216162199b28c13a410421893ffa2e32 -> 
  custom:container-demuxer-ogg: 62fdf1f143b41e24485cea50d1cbac27 -> 
  custom:video-decoder-webm-vp8: 9c59270c3fd7afecdb556c50c9e8de78 -> 
  custom:audio-decoder-ogg-vorbis: bf7c407c2cedff20999df2af8eb42d56 -> 
========================================================================
Received Import Request.
  Time since last request: 153.879890 seconds.
  path: Assets/Prefab/Tower/Ballista.prefab
  artifactKey: Guid(93407faaca4ccbf479241090193760a2) Importer(815301076,1909f56bfc062723c751e8b465ee728b)
Start importing Assets/Prefab/Tower/Ballista.prefab using Guid(93407faaca4ccbf479241090193760a2) Importer(815301076,1909f56bfc062723c751e8b465ee728b)  -> (artifact id: 'fbc2b345d99ae9d63f23845284fe017f') in 0.388668 seconds 
========================================================================
Received Import Request.
  Time since last request: 1.592206 seconds.
  path: Assets/Prefab/Tower/Ballista.prefab
  artifactKey: Guid(93407faaca4ccbf479241090193760a2) Importer(815301076,1909f56bfc062723c751e8b465ee728b)
Start importing Assets/Prefab/Tower/Ballista.prefab using Guid(93407faaca4ccbf479241090193760a2) Importer(815301076,1909f56bfc062723c751e8b465ee728b)  -> (artifact id: '2d24a47ad8475014f4dffef96398313d') in 0.073066 seconds 
========================================================================
Received Import Request.
  Time since last request: 2.747838 seconds.
  path: Assets/Prefab/Tower/Ballista.prefab
  artifactKey: Guid(93407faaca4ccbf479241090193760a2) Importer(815301076,1909f56bfc062723c751e8b465ee728b)
Start importing Assets/Prefab/Tower/Ballista.prefab using Guid(93407faaca4ccbf479241090193760a2) Importer(815301076,1909f56bfc062723c751e8b465ee728b)  -> (artifact id: '8327aa374659cb094bee00e502d93085') in 0.101732 seconds 
========================================================================
Received Import Request.
  Time since last request: 3.198249 seconds.
  path: Assets/Prefab/Tower/Ballista.prefab
  artifactKey: Guid(93407faaca4ccbf479241090193760a2) Importer(815301076,1909f56bfc062723c751e8b465ee728b)
Start importing Assets/Prefab/Tower/Ballista.prefab using Guid(93407faaca4ccbf479241090193760a2) Importer(815301076,1909f56bfc062723c751e8b465ee728b)  -> (artifact id: 'd86838c814d5601cc60188b7537f1cab') in 0.100401 seconds 
========================================================================
Received Import Request.
  Time since last request: 4.075217 seconds.
  path: Assets/Prefab/Tower/Ballista.prefab
  artifactKey: Guid(93407faaca4ccbf479241090193760a2) Importer(815301076,1909f56bfc062723c751e8b465ee728b)
Start importing Assets/Prefab/Tower/Ballista.prefab using Guid(93407faaca4ccbf479241090193760a2) Importer(815301076,1909f56bfc062723c751e8b465ee728b)  -> (artifact id: '9adc341dc6f4a1bf34a1e8d063ed27b9') in 0.059686 seconds 
========================================================================
Received Import Request.
  Time since last request: 9.452293 seconds.
  path: Assets/Prefab/Tower/Ballista.prefab
  artifactKey: Guid(93407faaca4ccbf479241090193760a2) Importer(815301076,1909f56bfc062723c751e8b465ee728b)
Start importing Assets/Prefab/Tower/Ballista.prefab using Guid(93407faaca4ccbf479241090193760a2) Importer(815301076,1909f56bfc062723c751e8b465ee728b)  -> (artifact id: '2b2921eccdc9e4469b316652e59e702a') in 0.080412 seconds 
========================================================================
Received Import Request.
  Time since last request: 1.861012 seconds.
  path: Assets/Prefab/Tower/Ballista.prefab
  artifactKey: Guid(93407faaca4ccbf479241090193760a2) Importer(815301076,1909f56bfc062723c751e8b465ee728b)
Start importing Assets/Prefab/Tower/Ballista.prefab using Guid(93407faaca4ccbf479241090193760a2) Importer(815301076,1909f56bfc062723c751e8b465ee728b)  -> (artifact id: '16bf97da658c9281c5ae6633caf2987e') in 0.090307 seconds 
========================================================================
Received Import Request.
  Time since last request: 3.269286 seconds.
  path: Assets/Prefab/Tower/Ballista.prefab
  artifactKey: Guid(93407faaca4ccbf479241090193760a2) Importer(815301076,1909f56bfc062723c751e8b465ee728b)
Start importing Assets/Prefab/Tower/Ballista.prefab using Guid(93407faaca4ccbf479241090193760a2) Importer(815301076,1909f56bfc062723c751e8b465ee728b)  -> (artifact id: '8191e60eddefcdc07d9316697f5d163d') in 0.084259 seconds 
